This is LuaHBTeX, Version 1.12.0 (TeX Live 2020)  (format=lualatex 2020.6.28)  18 JAN 2023 15:47
 restricted system commands enabled.
**slides.tex
(./slides.tex
LaTeX2e <2020-02-02> patch level 5
Lua module: luaotfload-main 2020-05-06 3.14 luaotfload entry point
Lua module: luaotfload-init 2020-05-06 3.14 luaotfload submodule / initializatio
n
Lua module: lualibs 2020-05-01 2.71 ConTeXt Lua standard libraries.
Lua module: lualibs-extended 2020-05-01 2.71 ConTeXt Lua libraries -- extended c
ollection.
Lua module: luaotfload-log 2020-05-06 3.14 luaotfload submodule / logging
Lua module: luaotfload-parsers 2020-05-06 3.14 luaotfload submodule / filelist
Lua module: luaotfload-configuration 2020-05-06 3.14 luaotfload submodule / conf
ig file reader
luaotfload | conf : Root cache directory is "/home/max/.local/texlive/2020/texmf
-var/luatex-cache/generic-dev/names".
luaotfload | init : Loading fontloader "fontloader-2020-05-06.lua" from kpse-res
olved path "/home/max/.local/texlive/2020/texmf-dist/tex/luatex/luaotfload/fontl
oader-2020-05-06.lua".
Lua-only attribute luaotfload@noligature = 1
Lua-only attribute luaotfload@syllabe = 2
luaotfload | init : Context OpenType loader version 0x1.8e353f7ced917p+1
Lua module: luaotfload-fallback 2020-05-06 3.14 luaotfload submodule / fallback
Lua module: luaotfload-multiscript 2020-05-06 3.14 luaotfload submodule / multis
cript
Lua module: luaotfload-script 2020-05-06 3.14 luaotfload submodule / Script help
ers
Inserting `luaotfload.node_processor' at position 1 in `pre_linebreak_filter'.
Inserting `luaotfload.node_processor' at position 1 in `hpack_filter'.
Lua module: luaotfload-loaders 2020-05-06 3.14 luaotfload submodule / callback h
andling
Inserting `luaotfload.define_font' at position 1 in `define_font'.
Lua module: luaotfload-database 2020-05-06 3.14 luaotfload submodule / database
Lua module: luaotfload-unicode 2020-05-06 3.14 luaotfload submodule / Unicode he
lpers
Lua module: luaotfload-colors 2020-05-06 3.14 luaotfload submodule / color
Lua-only attribute luaotfload_color_attribute = 3
Lua module: luaotfload-resolvers 2020-05-06 3.14 luaotfload submodule / resolver
s
luaotfload | conf : Root cache directory is "/home/max/.local/texlive/2020/texmf
-var/luatex-cache/generic-dev/names".
Lua module: luaotfload-features 2020-05-06 3.14 luaotfload submodule / features
Lua module: luaotfload-harf-define 2020-05-06 3.14 luaotfload submodule / databa
se
Inserting `luaotfload.harf.strip_prefix' at position 1 in `find_opentype_file'.
Inserting `luaotfload.harf.strip_prefix' at position 1 in `find_truetype_file'.
Lua module: luaotfload-harf-plug 2020-05-06 3.14 luaotfload submodule / database
Inserting `Harf pre_output_filter callback' at position 1 in `pre_output_filter'
.
Inserting `Harf wrapup_run callback' at position 1 in `wrapup_run'.
Inserting `Harf finish_pdffile callback' at position 1 in `finish_pdffile'.
Inserting `Harf glyph_info callback' at position 1 in `glyph_info'.
Lua module: luaotfload-letterspace 2020-05-06 3.14 luaotfload submodule / color
Lua module: luaotfload-embolden 2020-05-06 3.14 luaotfload submodule / color
Lua module: luaotfload-notdef 2020-05-06 3.14 luaotfload submodule / color
Lua module: luaotfload-suppress 2020-05-06 3.14 luaotfload submodule / suppress
Lua module: luaotfload-szss 2020-05-06 3.14 luaotfload submodule / color
Lua module: luaotfload-auxiliary 2020-05-06 3.14 luaotfload submodule / auxiliar
y functions
Inserting `luaotfload.aux.set_sscale_dimens' at position 1 in `luaotfload.patch_
font'.
Inserting `luaotfload.aux.set_font_index' at position 2 in `luaotfload.patch_fon
t'.
Inserting `luaotfload.aux.patch_cambria_domh' at position 3 in `luaotfload.patch
_font'.
Inserting `luaotfload.aux.fixup_fontdata' at position 1 in `luaotfload.patch_fon
t_unsafe'.
Inserting `luaotfload.aux.set_capheight' at position 4 in `luaotfload.patch_font
'.
Inserting `luaotfload.aux.set_xheight' at position 5 in `luaotfload.patch_font'.
Lua module: luaotfload-tounicode 2020-05-06 3.14 luaotfload submodule / tounicod
e
Inserting `luaotfload.rewrite_fontname' at position 6 in `luaotfload.patch_font'
. L3 programming layer <2020-06-18>
(/home/max/.local/texlive/2020/texmf-dist/tex/latex/beamer/beamer.cls
Document Class: beamer 2020/05/06 v3.58 A class for typesetting presentations
(/home/max/.local/texlive/2020/texmf-dist/tex/latex/beamer/beamerbasemodes.sty
(/home/max/.local/texlive/2020/texmf-dist/tex/latex/etoolbox/etoolbox.sty
Package: etoolbox 2019/09/21 v2.5h e-TeX tools for LaTeX (JAW)
\etb@tempcnta=\count163
)
\beamer@tempbox=\box45
\beamer@tempcount=\count164
\c@beamerpauses=\count165

(/home/max/.local/texlive/2020/texmf-dist/tex/latex/beamer/beamerbasedecode.sty
\beamer@slideinframe=\count166
\beamer@minimum=\count167
\beamer@decode@box=\box46
)
\beamer@commentbox=\box47
\beamer@modecount=\count168
) (/home/max/.local/texlive/2020/texmf-dist/tex/generic/iftex/ifpdf.sty
Package: ifpdf 2019/10/25 v3.4 ifpdf legacy package. Use iftex instead.

(/home/max/.local/texlive/2020/texmf-dist/tex/generic/iftex/iftex.sty
Package: iftex 2020/03/06 v1.0d TeX engine tests
))
\headdp=\dimen134
\footheight=\dimen135
\sidebarheight=\dimen136
\beamer@tempdim=\dimen137
\beamer@finalheight=\dimen138
\beamer@animht=\dimen139
\beamer@animdp=\dimen140
\beamer@animwd=\dimen141
\beamer@leftmargin=\dimen142
\beamer@rightmargin=\dimen143
\beamer@leftsidebar=\dimen144
\beamer@rightsidebar=\dimen145
\beamer@boxsize=\dimen146
\beamer@vboxoffset=\dimen147
\beamer@descdefault=\dimen148
\beamer@descriptionwidth=\dimen149
\beamer@lastskip=\skip47
\beamer@areabox=\box48
\beamer@animcurrent=\box49
\beamer@animshowbox=\box50
\beamer@sectionbox=\box51
\beamer@logobox=\box52
\beamer@linebox=\box53
\beamer@sectioncount=\count169
\beamer@subsubsectionmax=\count170
\beamer@subsectionmax=\count171
\beamer@sectionmax=\count172
\beamer@totalheads=\count173
\beamer@headcounter=\count174
\beamer@partstartpage=\count175
\beamer@sectionstartpage=\count176
\beamer@subsectionstartpage=\count177
\beamer@animationtempa=\count178
\beamer@animationtempb=\count179
\beamer@xpos=\count180
\beamer@ypos=\count181
\beamer@ypos@offset=\count182
\beamer@showpartnumber=\count183
\beamer@currentsubsection=\count184
\beamer@coveringdepth=\count185
\beamer@sectionadjust=\count186
\beamer@tocsectionnumber=\count187

(/home/max/.local/texlive/2020/texmf-dist/tex/latex/beamer/beamerbaseoptions.st
y (/home/max/.local/texlive/2020/texmf-dist/tex/latex/graphics/keyval.sty
Package: keyval 2014/10/28 v1.15 key=value parser (DPC)
\KV@toks@=\toks15
))
\beamer@paperwidth=\skip48
\beamer@paperheight=\skip49

(/home/max/.local/texlive/2020/texmf-dist/tex/latex/geometry/geometry.sty
Package: geometry 2020/01/02 v5.9 Page Geometry

(/home/max/.local/texlive/2020/texmf-dist/tex/generic/iftex/ifvtex.sty
Package: ifvtex 2019/10/25 v1.7 ifvtex legacy package. Use iftex instead.
)
\Gm@cnth=\count188
\Gm@cntv=\count189
\c@Gm@tempcnt=\count190
\Gm@bindingoffset=\dimen150
\Gm@wd@mp=\dimen151
\Gm@odd@mp=\dimen152
\Gm@even@mp=\dimen153
\Gm@layoutwidth=\dimen154
\Gm@layoutheight=\dimen155
\Gm@layouthoffset=\dimen156
\Gm@layoutvoffset=\dimen157
\Gm@dimlist=\toks16
)
(/home/max/.local/texlive/2020/texmf-dist/tex/latex/extsizes/size9.clo
File: size9.clo 1999/11/11 v1.4a NON-Standard LaTeX file (size option)
luaotfload | db : Font names database loaded from /home/max/.local/texlive/2020/
texmf-var/luatex-cache/generic-dev/names/luaotfload-names.luc)
(/home/max/.local/texlive/2020/texmf-dist/tex/latex/pgf/basiclayer/pgfcore.sty
(/home/max/.local/texlive/2020/texmf-dist/tex/latex/graphics/graphicx.sty
Package: graphicx 2019/11/30 v1.2a Enhanced LaTeX Graphics (DPC,SPQR)

(/home/max/.local/texlive/2020/texmf-dist/tex/latex/graphics/graphics.sty
Package: graphics 2019/11/30 v1.4a Standard LaTeX Graphics (DPC,SPQR)

(/home/max/.local/texlive/2020/texmf-dist/tex/latex/graphics/trig.sty
Package: trig 2016/01/03 v1.10 sin cos tan (DPC)
)
(/home/max/.local/texlive/2020/texmf-dist/tex/latex/graphics-cfg/graphics.cfg
File: graphics.cfg 2016/06/04 v1.11 sample graphics configuration
)
Package graphics Info: Driver file: luatex.def on input line 105.

(/home/max/.local/texlive/2020/texmf-dist/tex/latex/graphics-def/luatex.def
File: luatex.def 2018/01/08 v1.0l Graphics/color driver for luatex
))
\Gin@req@height=\dimen158
\Gin@req@width=\dimen159
)
(/home/max/.local/texlive/2020/texmf-dist/tex/latex/pgf/systemlayer/pgfsys.sty
(/home/max/.local/texlive/2020/texmf-dist/tex/latex/pgf/utilities/pgfrcs.sty
(/home/max/.local/texlive/2020/texmf-dist/tex/generic/pgf/utilities/pgfutil-com
mon.tex
\pgfutil@everybye=\toks17
\pgfutil@tempdima=\dimen160
\pgfutil@tempdimb=\dimen161

(/home/max/.local/texlive/2020/texmf-dist/tex/generic/pgf/utilities/pgfutil-com
mon-lists.tex))
(/home/max/.local/texlive/2020/texmf-dist/tex/generic/pgf/utilities/pgfutil-lat
ex.def
\pgfutil@abb=\box54
 (/home/max/.local/texlive/2020/texmf-dist/tex/latex/ms/everyshi.sty
Package: everyshi 2001/05/15 v3.00 EveryShipout Package (MS)
))
(/home/max/.local/texlive/2020/texmf-dist/tex/generic/pgf/utilities/pgfrcs.code
.tex (/home/max/.local/texlive/2020/texmf-dist/tex/generic/pgf/pgf.revision.tex
)
Package: pgfrcs 2020/01/08 v3.1.5b (3.1.5b)
))
(/home/max/.local/texlive/2020/texmf-dist/tex/generic/pgf/systemlayer/pgfsys.co
de.tex
Package: pgfsys 2020/01/08 v3.1.5b (3.1.5b)

(/home/max/.local/texlive/2020/texmf-dist/tex/generic/pgf/utilities/pgfkeys.cod
e.tex
\pgfkeys@pathtoks=\toks18
\pgfkeys@temptoks=\toks19

(/home/max/.local/texlive/2020/texmf-dist/tex/generic/pgf/utilities/pgfkeysfilt
ered.code.tex
\pgfkeys@tmptoks=\toks20
))
\pgf@x=\dimen162
\pgf@y=\dimen163
\pgf@xa=\dimen164
\pgf@ya=\dimen165
\pgf@xb=\dimen166
\pgf@yb=\dimen167
\pgf@xc=\dimen168
\pgf@yc=\dimen169
\pgf@xd=\dimen170
\pgf@yd=\dimen171
\w@pgf@writea=\write3
\r@pgf@reada=\read2
\c@pgf@counta=\count191
\c@pgf@countb=\count192
\c@pgf@countc=\count193
\c@pgf@countd=\count194
\t@pgf@toka=\toks21
\t@pgf@tokb=\toks22
\t@pgf@tokc=\toks23
\pgf@sys@id@count=\count195

(/home/max/.local/texlive/2020/texmf-dist/tex/generic/pgf/systemlayer/pgf.cfg
File: pgf.cfg 2020/01/08 v3.1.5b (3.1.5b)
)
Driver file for pgf: pgfsys-luatex.def

(/home/max/.local/texlive/2020/texmf-dist/tex/generic/pgf/systemlayer/pgfsys-lu
atex.def
File: pgfsys-luatex.def 2020/01/08 v3.1.5b (3.1.5b)

(/home/max/.local/texlive/2020/texmf-dist/tex/generic/pgf/systemlayer/pgfsys-co
mmon-pdf.def
File: pgfsys-common-pdf.def 2020/01/08 v3.1.5b (3.1.5b)
)))
(/home/max/.local/texlive/2020/texmf-dist/tex/generic/pgf/systemlayer/pgfsyssof
tpath.code.tex
File: pgfsyssoftpath.code.tex 2020/01/08 v3.1.5b (3.1.5b)
\pgfsyssoftpath@smallbuffer@items=\count196
\pgfsyssoftpath@bigbuffer@items=\count197
)
(/home/max/.local/texlive/2020/texmf-dist/tex/generic/pgf/systemlayer/pgfsyspro
tocol.code.tex
File: pgfsysprotocol.code.tex 2020/01/08 v3.1.5b (3.1.5b)
))
(/home/max/.local/texlive/2020/texmf-dist/tex/latex/xcolor/xcolor.sty
Package: xcolor 2016/05/11 v2.12 LaTeX color extensions (UK)

(/home/max/.local/texlive/2020/texmf-dist/tex/latex/graphics-cfg/color.cfg
File: color.cfg 2016/01/02 v1.6 sample color configuration
)
Package xcolor Info: Driver file: luatex.def on input line 225.
Package xcolor Info: Model `cmy' substituted by `cmy0' on input line 1348.
Package xcolor Info: Model `hsb' substituted by `rgb' on input line 1352.
Package xcolor Info: Model `RGB' extended on input line 1364.
Package xcolor Info: Model `HTML' substituted by `rgb' on input line 1366.
Package xcolor Info: Model `Hsb' substituted by `hsb' on input line 1367.
Package xcolor Info: Model `tHsb' substituted by `hsb' on input line 1368.
Package xcolor Info: Model `HSB' substituted by `hsb' on input line 1369.
Package xcolor Info: Model `Gray' substituted by `gray' on input line 1370.
Package xcolor Info: Model `wave' substituted by `hsb' on input line 1371.
)
(/home/max/.local/texlive/2020/texmf-dist/tex/generic/pgf/basiclayer/pgfcore.co
de.tex
Package: pgfcore 2020/01/08 v3.1.5b (3.1.5b)

(/home/max/.local/texlive/2020/texmf-dist/tex/generic/pgf/math/pgfmath.code.tex

(/home/max/.local/texlive/2020/texmf-dist/tex/generic/pgf/math/pgfmathcalc.code
.tex
(/home/max/.local/texlive/2020/texmf-dist/tex/generic/pgf/math/pgfmathutil.code
.tex)
(/home/max/.local/texlive/2020/texmf-dist/tex/generic/pgf/math/pgfmathparser.co
de.tex
\pgfmath@dimen=\dimen172
\pgfmath@count=\count198
\pgfmath@box=\box55
\pgfmath@toks=\toks24
\pgfmath@stack@operand=\toks25
\pgfmath@stack@operation=\toks26
)
(/home/max/.local/texlive/2020/texmf-dist/tex/generic/pgf/math/pgfmathfunctions
.code.tex
(/home/max/.local/texlive/2020/texmf-dist/tex/generic/pgf/math/pgfmathfunctions
.basic.code.tex)
(/home/max/.local/texlive/2020/texmf-dist/tex/generic/pgf/math/pgfmathfunctions
.trigonometric.code.tex)
(/home/max/.local/texlive/2020/texmf-dist/tex/generic/pgf/math/pgfmathfunctions
.random.code.tex)
(/home/max/.local/texlive/2020/texmf-dist/tex/generic/pgf/math/pgfmathfunctions
.comparison.code.tex)
(/home/max/.local/texlive/2020/texmf-dist/tex/generic/pgf/math/pgfmathfunctions
.base.code.tex)
(/home/max/.local/texlive/2020/texmf-dist/tex/generic/pgf/math/pgfmathfunctions
.round.code.tex)
(/home/max/.local/texlive/2020/texmf-dist/tex/generic/pgf/math/pgfmathfunctions
.misc.code.tex)
(/home/max/.local/texlive/2020/texmf-dist/tex/generic/pgf/math/pgfmathfunctions
.integerarithmetics.code.tex)))
(/home/max/.local/texlive/2020/texmf-dist/tex/generic/pgf/math/pgfmathfloat.cod
e.tex
\c@pgfmathroundto@lastzeros=\count199
))
(/home/max/.local/texlive/2020/texmf-dist/tex/generic/pgf/math/pgfint.code.tex)
(/home/max/.local/texlive/2020/texmf-dist/tex/generic/pgf/basiclayer/pgfcorepoi
nts.code.tex
File: pgfcorepoints.code.tex 2020/01/08 v3.1.5b (3.1.5b)
\pgf@picminx=\dimen173
\pgf@picmaxx=\dimen174
\pgf@picminy=\dimen175
\pgf@picmaxy=\dimen176
\pgf@pathminx=\dimen177
\pgf@pathmaxx=\dimen178
\pgf@pathminy=\dimen179
\pgf@pathmaxy=\dimen180
\pgf@xx=\dimen181
\pgf@xy=\dimen182
\pgf@yx=\dimen183
\pgf@yy=\dimen184
\pgf@zx=\dimen185
\pgf@zy=\dimen186
)
(/home/max/.local/texlive/2020/texmf-dist/tex/generic/pgf/basiclayer/pgfcorepat
hconstruct.code.tex
File: pgfcorepathconstruct.code.tex 2020/01/08 v3.1.5b (3.1.5b)
\pgf@path@lastx=\dimen187
\pgf@path@lasty=\dimen188
)
(/home/max/.local/texlive/2020/texmf-dist/tex/generic/pgf/basiclayer/pgfcorepat
husage.code.tex
File: pgfcorepathusage.code.tex 2020/01/08 v3.1.5b (3.1.5b)
\pgf@shorten@end@additional=\dimen189
\pgf@shorten@start@additional=\dimen190
)
(/home/max/.local/texlive/2020/texmf-dist/tex/generic/pgf/basiclayer/pgfcoresco
pes.code.tex
File: pgfcorescopes.code.tex 2020/01/08 v3.1.5b (3.1.5b)
\pgfpic=\box56
\pgf@hbox=\box57
\pgf@layerbox@main=\box58
\pgf@picture@serial@count=\count266
)
(/home/max/.local/texlive/2020/texmf-dist/tex/generic/pgf/basiclayer/pgfcoregra
phicstate.code.tex
File: pgfcoregraphicstate.code.tex 2020/01/08 v3.1.5b (3.1.5b)
\pgflinewidth=\dimen191
)
(/home/max/.local/texlive/2020/texmf-dist/tex/generic/pgf/basiclayer/pgfcoretra
nsformations.code.tex
File: pgfcoretransformations.code.tex 2020/01/08 v3.1.5b (3.1.5b)
\pgf@pt@x=\dimen192
\pgf@pt@y=\dimen193
\pgf@pt@temp=\dimen194
)
(/home/max/.local/texlive/2020/texmf-dist/tex/generic/pgf/basiclayer/pgfcorequi
ck.code.tex
File: pgfcorequick.code.tex 2020/01/08 v3.1.5b (3.1.5b)
)
(/home/max/.local/texlive/2020/texmf-dist/tex/generic/pgf/basiclayer/pgfcoreobj
ects.code.tex
File: pgfcoreobjects.code.tex 2020/01/08 v3.1.5b (3.1.5b)
)
(/home/max/.local/texlive/2020/texmf-dist/tex/generic/pgf/basiclayer/pgfcorepat
hprocessing.code.tex
File: pgfcorepathprocessing.code.tex 2020/01/08 v3.1.5b (3.1.5b)
)
(/home/max/.local/texlive/2020/texmf-dist/tex/generic/pgf/basiclayer/pgfcorearr
ows.code.tex
File: pgfcorearrows.code.tex 2020/01/08 v3.1.5b (3.1.5b)
\pgfarrowsep=\dimen195
)
(/home/max/.local/texlive/2020/texmf-dist/tex/generic/pgf/basiclayer/pgfcoresha
de.code.tex
File: pgfcoreshade.code.tex 2020/01/08 v3.1.5b (3.1.5b)
\pgf@max=\dimen196
\pgf@sys@shading@range@num=\count267
\pgf@shadingcount=\count268
)
(/home/max/.local/texlive/2020/texmf-dist/tex/generic/pgf/basiclayer/pgfcoreima
ge.code.tex
File: pgfcoreimage.code.tex 2020/01/08 v3.1.5b (3.1.5b)

(/home/max/.local/texlive/2020/texmf-dist/tex/generic/pgf/basiclayer/pgfcoreext
ernal.code.tex
File: pgfcoreexternal.code.tex 2020/01/08 v3.1.5b (3.1.5b)
\pgfexternal@startupbox=\box59
))
(/home/max/.local/texlive/2020/texmf-dist/tex/generic/pgf/basiclayer/pgfcorelay
ers.code.tex
File: pgfcorelayers.code.tex 2020/01/08 v3.1.5b (3.1.5b)
)
(/home/max/.local/texlive/2020/texmf-dist/tex/generic/pgf/basiclayer/pgfcoretra
nsparency.code.tex
File: pgfcoretransparency.code.tex 2020/01/08 v3.1.5b (3.1.5b)
)
(/home/max/.local/texlive/2020/texmf-dist/tex/generic/pgf/basiclayer/pgfcorepat
terns.code.tex
File: pgfcorepatterns.code.tex 2020/01/08 v3.1.5b (3.1.5b)
)
(/home/max/.local/texlive/2020/texmf-dist/tex/generic/pgf/basiclayer/pgfcorerdf
.code.tex
File: pgfcorerdf.code.tex 2020/01/08 v3.1.5b (3.1.5b)
)))
(/home/max/.local/texlive/2020/texmf-dist/tex/latex/pgf/utilities/xxcolor.sty
Package: xxcolor 2003/10/24 ver 0.1
\XC@nummixins=\count269
\XC@countmixins=\count270
)
(/home/max/.local/texlive/2020/texmf-dist/tex/generic/atbegshi/atbegshi.sty
Package: atbegshi 2019/12/05 v1.19 At begin shipout hook (HO)

(/home/max/.local/texlive/2020/texmf-dist/tex/generic/infwarerr/infwarerr.sty
Package: infwarerr 2019/12/03 v1.5 Providing info/warning/error messages (HO)
)
(/home/max/.local/texlive/2020/texmf-dist/tex/generic/ltxcmds/ltxcmds.sty
Package: ltxcmds 2019/12/15 v1.24 LaTeX kernel commands for general use (HO)
))
(/home/max/.local/texlive/2020/texmf-dist/tex/latex/hyperref/hyperref.sty
Package: hyperref 2020-05-15 v7.00e Hypertext links for LaTeX

(/home/max/.local/texlive/2020/texmf-dist/tex/latex/pdftexcmds/pdftexcmds.sty
Package: pdftexcmds 2020-06-04 v0.32 Utility functions of pdfTeX for LuaTeX (HO)

Package pdftexcmds Info: \pdf@primitive is available.
Package pdftexcmds Info: \pdf@ifprimitive is available.
Package pdftexcmds Info: \pdfdraftmode found.
\pdftexcmds@toks=\toks27
)
(/home/max/.local/texlive/2020/texmf-dist/tex/generic/kvsetkeys/kvsetkeys.sty
Package: kvsetkeys 2019/12/15 v1.18 Key value parser (HO)
)
(/home/max/.local/texlive/2020/texmf-dist/tex/generic/kvdefinekeys/kvdefinekeys
.sty
Package: kvdefinekeys 2019-12-19 v1.6 Define keys (HO)
)
(/home/max/.local/texlive/2020/texmf-dist/tex/generic/pdfescape/pdfescape.sty
Package: pdfescape 2019/12/09 v1.15 Implements pdfTeX's escape features (HO)
)
(/home/max/.local/texlive/2020/texmf-dist/tex/latex/hycolor/hycolor.sty
Package: hycolor 2020-01-27 v1.10 Color options for hyperref/bookmark (HO)
)
(/home/max/.local/texlive/2020/texmf-dist/tex/latex/letltxmacro/letltxmacro.sty
Package: letltxmacro 2019/12/03 v1.6 Let assignment for LaTeX macros (HO)
) (/home/max/.local/texlive/2020/texmf-dist/tex/latex/auxhook/auxhook.sty
Package: auxhook 2019-12-17 v1.6 Hooks for auxiliary files (HO)
)
(/home/max/.local/texlive/2020/texmf-dist/tex/latex/kvoptions/kvoptions.sty
Package: kvoptions 2019/11/29 v3.13 Key value format for package options (HO)
)
\@linkdim=\dimen197
\Hy@linkcounter=\count271
\Hy@pagecounter=\count272

(/home/max/.local/texlive/2020/texmf-dist/tex/latex/hyperref/pd1enc.def
File: pd1enc.def 2020-05-15 v7.00e Hyperref: PDFDocEncoding definition (HO)
)
(/home/max/.local/texlive/2020/texmf-dist/tex/generic/intcalc/intcalc.sty
Package: intcalc 2019/12/15 v1.3 Expandable calculations with integers (HO)
)
(/home/max/.local/texlive/2020/texmf-dist/tex/generic/etexcmds/etexcmds.sty
Package: etexcmds 2019/12/15 v1.7 Avoid name clashes with e-TeX commands (HO)
)
\Hy@SavedSpaceFactor=\count273
Package hyperref Info: Option `unicode' set `true' on input line 4338.

(/home/max/.local/texlive/2020/texmf-dist/tex/latex/hyperref/puenc.def
File: puenc.def 2020-05-15 v7.00e Hyperref: PDF Unicode definition (HO)
)
Package hyperref Info: Option `bookmarks' set `true' on input line 4338.
Package hyperref Info: Option `bookmarksopen' set `true' on input line 4338.
Package hyperref Info: Option `implicit' set `false' on input line 4338.
Package hyperref Info: Hyper figures OFF on input line 4464.
Package hyperref Info: Link nesting OFF on input line 4469.
Package hyperref Info: Hyper index ON on input line 4472.
Package hyperref Info: Plain pages OFF on input line 4479.
Package hyperref Info: Backreferencing OFF on input line 4484.
Package hyperref Info: Implicit mode OFF; no redefinition of LaTeX internals.
Package hyperref Info: Bookmarks ON on input line 4717.
\c@Hy@tempcnt=\count274

(/home/max/.local/texlive/2020/texmf-dist/tex/latex/url/url.sty
\Urlmuskip=\muskip16
Package: url 2013/09/16  ver 3.4  Verb mode for urls, etc.
)
LaTeX Info: Redefining \url on input line 5076.
\XeTeXLinkMargin=\dimen198

(/home/max/.local/texlive/2020/texmf-dist/tex/generic/bitset/bitset.sty
Package: bitset 2019/12/09 v1.3 Handle bit-vector datatype (HO)

(/home/max/.local/texlive/2020/texmf-dist/tex/generic/bigintcalc/bigintcalc.sty
Package: bigintcalc 2019/12/15 v1.5 Expandable calculations on big integers (HO)

))
\Fld@menulength=\count275
\Field@Width=\dimen199
\Fld@charsize=\dimen256
Package hyperref Info: Hyper figures OFF on input line 6347.
Package hyperref Info: Link nesting OFF on input line 6352.
Package hyperref Info: Hyper index ON on input line 6355.
Package hyperref Info: backreferencing OFF on input line 6362.
Package hyperref Info: Link coloring OFF on input line 6367.
Package hyperref Info: Link coloring with OCG OFF on input line 6372.
Package hyperref Info: PDF/A mode OFF on input line 6377.
LaTeX Info: Redefining \ref on input line 6417.
LaTeX Info: Redefining \pageref on input line 6421.
\Hy@abspage=\count276


Package hyperref Message: Stopped early.

)
Package hyperref Info: Driver (autodetected): hluatex.
 (/home/max/.local/texlive/2020/texmf-dist/tex/latex/hyperref/hluatex.def
File: hluatex.def 2020-05-15 v7.00e Hyperref driver for luaTeX

(/home/max/.local/texlive/2020/texmf-dist/tex/generic/stringenc/stringenc.sty
Package: stringenc 2019/11/29 v1.12 Convert strings between diff. encodings (HO)

)
(/home/max/.local/texlive/2020/texmf-dist/tex/latex/atveryend/atveryend.sty
Package: atveryend 2019-12-11 v1.11 Hooks at the very end of document (HO)
)
\Fld@listcount=\count277
\c@bookmark@seq@number=\count278

(/home/max/.local/texlive/2020/texmf-dist/tex/latex/rerunfilecheck/rerunfileche
ck.sty
Package: rerunfilecheck 2019/12/05 v1.9 Rerun checks for auxiliary files (HO)

(/home/max/.local/texlive/2020/texmf-dist/tex/generic/uniquecounter/uniquecount
er.sty
Package: uniquecounter 2019/12/15 v1.4 Provide unlimited unique counter (HO)
)
Package uniquecounter Info: New unique counter `rerunfilecheck' on input line 28
6.
))
(/home/max/.local/texlive/2020/texmf-dist/tex/latex/beamer/beamerbaserequires.s
ty
(/home/max/.local/texlive/2020/texmf-dist/tex/latex/beamer/beamerbasecompatibil
ity.sty)
(/home/max/.local/texlive/2020/texmf-dist/tex/latex/beamer/beamerbasefont.sty
(/home/max/.local/texlive/2020/texmf-dist/tex/latex/amsfonts/amssymb.sty
Package: amssymb 2013/01/14 v3.01 AMS font symbols

(/home/max/.local/texlive/2020/texmf-dist/tex/latex/amsfonts/amsfonts.sty
Package: amsfonts 2013/01/14 v3.01 Basic AMSFonts support
\@emptytoks=\toks28
\symAMSa=\mathgroup4
\symAMSb=\mathgroup5
LaTeX Font Info:    Redeclaring math symbol \hbar on input line 98.
LaTeX Font Info:    Overwriting math alphabet `\mathfrak' in version `bold'
(Font)                  U/euf/m/n --> U/euf/b/n on input line 106.
))
(/home/max/.local/texlive/2020/texmf-dist/tex/latex/sansmathaccent/sansmathacce
nt.sty
Package: sansmathaccent 2020/01/31

(/home/max/.local/texlive/2020/texmf-dist/tex/latex/koma-script/scrlfile.sty
Package: scrlfile 2020/04/19 v3.30 KOMA-Script package (loading files)
)))
(/home/max/.local/texlive/2020/texmf-dist/tex/latex/beamer/beamerbasetranslator
.sty
(/home/max/.local/texlive/2020/texmf-dist/tex/latex/translator/translator.sty
Package: translator 2019-05-31 v1.12a Easy translation of strings in LaTeX
)) (/home/max/.local/texlive/2020/texmf-dist/tex/latex/beamer/beamerbasemisc.st
y)
(/home/max/.local/texlive/2020/texmf-dist/tex/latex/beamer/beamerbasetwoscreens
.sty)
(/home/max/.local/texlive/2020/texmf-dist/tex/latex/beamer/beamerbaseoverlay.st
y
\beamer@argscount=\count279
\beamer@lastskipcover=\skip50
\beamer@trivlistdepth=\count280
)
(/home/max/.local/texlive/2020/texmf-dist/tex/latex/beamer/beamerbasetitle.sty)
(/home/max/.local/texlive/2020/texmf-dist/tex/latex/beamer/beamerbasesection.st
y
\c@lecture=\count281
\c@part=\count282
\c@section=\count283
\c@subsection=\count284
\c@subsubsection=\count285
)
(/home/max/.local/texlive/2020/texmf-dist/tex/latex/beamer/beamerbaseframe.sty
\beamer@framebox=\box60
\beamer@frametitlebox=\box61
\beamer@zoombox=\box62
\beamer@zoomcount=\count286
\beamer@zoomframecount=\count287
\beamer@frametextheight=\dimen257
\c@subsectionslide=\count288
\beamer@frametopskip=\skip51
\beamer@framebottomskip=\skip52
\beamer@frametopskipautobreak=\skip53
\beamer@framebottomskipautobreak=\skip54
\beamer@envbody=\toks29
\framewidth=\dimen258
\c@framenumber=\count289
)
(/home/max/.local/texlive/2020/texmf-dist/tex/latex/beamer/beamerbaseverbatim.s
ty
\beamer@verbatimfileout=\write4
)
(/home/max/.local/texlive/2020/texmf-dist/tex/latex/beamer/beamerbaseframesize.
sty
\beamer@splitbox=\box63
\beamer@autobreakcount=\count290
\beamer@autobreaklastheight=\dimen259
\beamer@frametitletoks=\toks30
\beamer@framesubtitletoks=\toks31
)
(/home/max/.local/texlive/2020/texmf-dist/tex/latex/beamer/beamerbaseframecompo
nents.sty
\beamer@footins=\box64
)
(/home/max/.local/texlive/2020/texmf-dist/tex/latex/beamer/beamerbasecolor.sty) (/home/max/.local/texlive/2020/texmf-dist/tex/latex/beamer/beamerbasenotes.sty
\beamer@frameboxcopy=\box65
) (/home/max/.local/texlive/2020/texmf-dist/tex/latex/beamer/beamerbasetoc.sty)
(/home/max/.local/texlive/2020/texmf-dist/tex/latex/beamer/beamerbasetemplates.
sty
\beamer@sbttoks=\toks32

(/home/max/.local/texlive/2020/texmf-dist/tex/latex/beamer/beamerbaseauxtemplat
es.sty
(/home/max/.local/texlive/2020/texmf-dist/tex/latex/beamer/beamerbaseboxes.sty
\bmb@box=\box66
\bmb@colorbox=\box67
\bmb@boxshadow=\box68
\bmb@boxshadowball=\box69
\bmb@boxshadowballlarge=\box70
\bmb@temp=\dimen260
\bmb@dima=\dimen261
\bmb@dimb=\dimen262
\bmb@prevheight=\dimen263
)
\beamer@blockheadheight=\dimen264
))
(/home/max/.local/texlive/2020/texmf-dist/tex/latex/beamer/beamerbaselocalstruc
ture.sty
(/home/max/.local/texlive/2020/texmf-dist/tex/latex/tools/enumerate.sty
Package: enumerate 2015/07/23 v3.00 enumerate extensions (DPC)
\@enLab=\toks33
)
\c@figure=\count291
\c@table=\count292
\abovecaptionskip=\skip55
\belowcaptionskip=\skip56
)
(/home/max/.local/texlive/2020/texmf-dist/tex/latex/beamer/beamerbasenavigation
.sty
\beamer@section@min@dim=\dimen265
)
(/home/max/.local/texlive/2020/texmf-dist/tex/latex/beamer/beamerbasetheorems.s
ty (/home/max/.local/texlive/2020/texmf-dist/tex/latex/amsmath/amsmath.sty
Package: amsmath 2020/01/20 v2.17e AMS math features
\@mathmargin=\skip57

For additional information on amsmath, use the `?' option.
(/home/max/.local/texlive/2020/texmf-dist/tex/latex/amsmath/amstext.sty
Package: amstext 2000/06/29 v2.01 AMS text

(/home/max/.local/texlive/2020/texmf-dist/tex/latex/amsmath/amsgen.sty
File: amsgen.sty 1999/11/30 v2.0 generic functions
\@emptytoks=\toks34
\ex@=\dimen266
))
(/home/max/.local/texlive/2020/texmf-dist/tex/latex/amsmath/amsbsy.sty
Package: amsbsy 1999/11/29 v1.2d Bold Symbols
\pmbraise@=\dimen267
)
(/home/max/.local/texlive/2020/texmf-dist/tex/latex/amsmath/amsopn.sty
Package: amsopn 2016/03/08 v2.02 operator names
)
\inf@bad=\count293
LaTeX Info: Redefining \frac on input line 227.
\uproot@=\count294
\leftroot@=\count295
LaTeX Info: Redefining \overline on input line 389.
\classnum@=\count296
\DOTSCASE@=\count297
LaTeX Info: Redefining \ldots on input line 486.
LaTeX Info: Redefining \dots on input line 489.
LaTeX Info: Redefining \cdots on input line 610.
\Mathstrutbox@=\box71
\strutbox@=\box72
\big@size=\dimen268
LaTeX Font Info:    Redeclaring font encoding OML on input line 733.
LaTeX Font Info:    Redeclaring font encoding OMS on input line 734.
\macc@depth=\count298
\c@MaxMatrixCols=\count299
\dotsspace@=\muskip17
\c@parentequation=\count300
\dspbrk@lvl=\count301
\tag@help=\toks35
\row@=\count302
\column@=\count303
\maxfields@=\count304
\andhelp@=\toks36
\eqnshift@=\dimen269
\alignsep@=\dimen270
\tagshift@=\dimen271
\tagwidth@=\dimen272
\totwidth@=\dimen273
\lineht@=\dimen274
\@envbody=\toks37
\multlinegap=\skip58
\multlinetaggap=\skip59
\mathdisplay@stack=\toks38
LaTeX Info: Redefining \[ on input line 2859.
LaTeX Info: Redefining \] on input line 2860.
)
(/home/max/.local/texlive/2020/texmf-dist/tex/latex/amscls/amsthm.sty
Package: amsthm 2020/05/29 v2.20.6
\thm@style=\toks39
\thm@bodyfont=\toks40
\thm@headfont=\toks41
\thm@notefont=\toks42
\thm@headpunct=\toks43
\thm@preskip=\skip60
\thm@postskip=\skip61
\thm@headsep=\skip62
\dth@everypar=\toks44
)
\c@theorem=\count305
)
(/home/max/.local/texlive/2020/texmf-dist/tex/latex/beamer/beamerbasethemes.sty
))
(/home/max/.local/texlive/2020/texmf-dist/tex/latex/beamer/beamerthemedefault.s
ty
(/home/max/.local/texlive/2020/texmf-dist/tex/latex/beamer/beamerfontthemedefau
lt.sty)
(/home/max/.local/texlive/2020/texmf-dist/tex/latex/beamer/beamercolorthemedefa
ult.sty)
(/home/max/.local/texlive/2020/texmf-dist/tex/latex/beamer/beamerinnerthemedefa
ult.sty
\beamer@dima=\dimen275
\beamer@dimb=\dimen276
)
(/home/max/.local/texlive/2020/texmf-dist/tex/latex/beamer/beamerouterthemedefa
ult.sty)))
(/home/max/.local/texlive/2020/texmf-dist/tex/latex/polyglossia/polyglossia.sty
Package: polyglossia 2020/04/08 v1.49 Modern multilingual typesetting with XeLaT
eX and LuaLaTeX
(/home/max/.local/texlive/2020/texmf-dist/tex/latex/makecmds/makecmds.sty
Package: makecmds 2009/09/03 v1.0a extra command making commands
)
(/home/max/.local/texlive/2020/texmf-dist/tex/latex/xkeyval/xkeyval.sty
Package: xkeyval 2014/12/03 v2.7a package option processing (HA)

(/home/max/.local/texlive/2020/texmf-dist/tex/generic/xkeyval/xkeyval.tex
(/home/max/.local/texlive/2020/texmf-dist/tex/generic/xkeyval/xkvutils.tex
\XKV@toks=\toks45
\XKV@tempa@toks=\toks46
)
\XKV@depth=\count306
File: xkeyval.tex 2014/12/03 v2.7a key=value parser (HA)
))
(/home/max/.local/texlive/2020/texmf-dist/tex/latex/fontspec/fontspec.sty
(/home/max/.local/texlive/2020/texmf-dist/tex/latex/l3packages/xparse/xparse.st
y (/home/max/.local/texlive/2020/texmf-dist/tex/latex/l3kernel/expl3.sty
Package: expl3 2020-06-18 L3 programming layer (loader) 

(/home/max/.local/texlive/2020/texmf-dist/tex/latex/l3backend/l3backend-pdfmode
.def
File: l3backend-pdfmode.def 2020-06-23 L3 backend support: PDF mode
\l__kernel_color_stack_int=\count307
\l__pdf_internal_box=\box73
))
Package: xparse 2020-05-15 L3 Experimental document command parser

(/home/max/.local/texlive/2020/texmf-dist/tex/latex/l3packages/xparse/xparse-ge
neric.tex
\l__xparse_current_arg_int=\count308
\g__xparse_grabber_int=\count309
\l__xparse_m_args_int=\count310
\l__xparse_v_nesting_int=\count311
))
Package: fontspec 2020/02/21 v2.7i Font selection for XeLaTeX and LuaLaTeX
Lua module: fontspec 2020/02/21 2.7i Font selection for XeLaTeX and LuaLaTeX
(/home/max/.local/texlive/2020/texmf-dist/tex/latex/fontspec/fontspec-luatex.st
y
Package: fontspec-luatex 2020/02/21 v2.7i Font selection for XeLaTeX and LuaLaTe
X
\l__fontspec_script_int=\count312
\l__fontspec_language_int=\count313
\l__fontspec_strnum_int=\count314
\l__fontspec_tmp_int=\count315
\l__fontspec_tmpa_int=\count316
\l__fontspec_tmpb_int=\count317
\l__fontspec_tmpc_int=\count318
\l__fontspec_em_int=\count319
\l__fontspec_emdef_int=\count320
\l__fontspec_strong_int=\count321
\l__fontspec_strongdef_int=\count322
\l__fontspec_tmpa_dim=\dimen277
\l__fontspec_tmpb_dim=\dimen278
\l__fontspec_tmpc_dim=\dimen279
 (/home/max/.local/texlive/2020/texmf-dist/tex/latex/base/fontenc.sty
Package: fontenc 2020/02/11 v2.0o Standard LaTeX package
)
(/home/max/.local/texlive/2020/texmf-dist/tex/latex/fontspec/fontspec.cfg)))
(/home/max/.local/texlive/2020/texmf-dist/tex/generic/iftex/ifluatex.sty
Package: ifluatex 2019/10/25 v1.5 ifluatex legacy package. Use iftex instead.
)
(/home/max/.local/texlive/2020/texmf-dist/tex/generic/iftex/ifxetex.sty
Package: ifxetex 2019/10/25 v0.7 ifxetex legacy package. Use iftex instead.
)
(/home/max/.local/texlive/2020/texmf-dist/tex/latex/l3packages/l3keys2e/l3keys2
e.sty
Package: l3keys2e 2020-05-15 LaTeX2e option processing using LaTeX3 keys
)
(/home/max/.local/texlive/2020/texmf-dist/tex/latex/filehook/filehook.sty
Package: filehook 2020/02/03 v0.7 Hooks for input files

(/home/max/.local/texlive/2020/texmf-dist/tex/latex/filehook/filehook-scrlfile.
sty
Package: filehook-scrlfile 2020/02/02 v0.2 filehook patch for scrlfile package
Package filehook Info: Package 'scrlfile' detected and compensated for on input 
line 107.
))
(/home/max/.local/texlive/2020/texmf-dist/tex/luatex/luatexbase/luatexbase.sty
Package: luatexbase 2015/10/04 v1.3 luatexbase interface to LuaTeX 

(/home/max/.local/texlive/2020/texmf-dist/tex/luatex/ctablestack/ctablestack.st
y
Package: ctablestack 2015/10/01 v1.0 Catcode table stable support
\@catcodetablestackcnt=\count323
)
\CatcodeTableOther=\catcodetable5
\CatcodeTableExpl=\catcodetable6
)
Lua module: polyglossia 2013/05/11 1.3 Polyglossia
(/home/max/.local/texlive/2020/texmf-dist/tex/latex/polyglossia/gloss-latex.ldf
File: gloss-latex.ldf polyglossia: module for default language
The property list \polyglossia@langsetup contains the pairs (without outer
braces):
>  {latex/script}  =>  {latin}
>  {latex/lcscript}  =>  {latin}
>  {latex/scripttag}  =>  {}
>  {latex/language}  =>  {Latex}
>  {latex/langtag}  =>  {ENG}
>  {latex/bcp47}  =>  {}
>  {latex/hyphennames}  =>  {english}
>  {latex/direction}  =>  {LR}
>  {latex/hyphenmins}  =>  {2,3}
>  {latex/frenchspacing}  =>  {false}
>  {latex/indentfirst}  =>  {false}
>  {latex/fontsetup}  =>  {true}
>  {latex/envname}  =>  {latex}
>  {latex/babelname}  =>  {latex}
>  {latex/localnumeral}  =>  {polyglossia@C@localnumeral}
>  {latex/Localnumeral}  =>  {polyglossia@C@localnumeral}.
)
Package polyglossia Info: Default language is latex.
)
(/home/max/.local/texlive/2020/texmf-dist/tex/latex/polyglossia/gloss-english.l
df
File: gloss-english.ldf polyglossia: module for english
The property list \polyglossia@langsetup contains the pairs (without outer
braces):
>  {latex/script}  =>  {latin}
>  {latex/lcscript}  =>  {latin}
>  {latex/scripttag}  =>  {}
>  {latex/language}  =>  {Latex}
>  {latex/langtag}  =>  {ENG}
>  {latex/bcp47}  =>  {}
>  {latex/hyphennames}  =>  {english}
>  {latex/direction}  =>  {LR}
>  {latex/hyphenmins}  =>  {2,3}
>  {latex/frenchspacing}  =>  {false}
>  {latex/indentfirst}  =>  {false}
>  {latex/fontsetup}  =>  {true}
>  {latex/envname}  =>  {latex}
>  {latex/babelname}  =>  {latex}
>  {latex/localnumeral}  =>  {polyglossia@C@localnumeral}
>  {latex/Localnumeral}  =>  {polyglossia@C@localnumeral}
>  {english/script}  =>  {latin}
>  {english/lcscript}  =>  {latin}
>  {english/scripttag}  =>  {}
>  {english/language}  =>  {English}
>  {english/langtag}  =>  {ENG}
>  {english/bcp47}  =>  {en-US}
>  {english/hyphennames}  =>  {english,american,usenglish,USenglish}
>  {english/direction}  =>  {LR}
>  {english/hyphenmins}  =>  {2,3}
>  {english/frenchspacing}  =>  {false}
>  {english/indentfirst}  =>  {false}
>  {english/fontsetup}  =>  {true}
>  {english/envname}  =>  {english}
>  {english/babelname}  =>  {english}
>  {english/localnumeral}  =>  {polyglossia@C@localnumeral}
>  {english/Localnumeral}  =>  {polyglossia@C@localnumeral}.
Package polyglossia Info: Option: English, variant=american.
)
Package polyglossia Info: Default language is english.
 (/home/max/.local/texlive/2020/texmf-dist/tex/latex/csquotes/csquotes.sty
Package: csquotes 2019-12-06 v5.2j context-sensitive quotations (JAW)
\csq@reset=\count324
\csq@gtype=\count325
\csq@glevel=\count326
\csq@qlevel=\count327
\csq@maxlvl=\count328
\csq@tshold=\count329
\csq@ltx@everypar=\toks47

(/home/max/.local/texlive/2020/texmf-dist/tex/latex/csquotes/csquotes.def
File: csquotes.def 2019-12-06 v5.2j csquotes generic definitions (JAW)
)
Package csquotes Info: Trying to load configuration file 'csquotes.cfg'...
Package csquotes Info: ... configuration file loaded successfully.

(/home/max/.local/texlive/2020/texmf-dist/tex/latex/csquotes/csquotes.cfg
File: csquotes.cfg 
))
(/home/max/.local/texlive/2020/texmf-dist/tex/latex/mathtools/mathtools.sty
Package: mathtools 2020/03/24 v1.24 mathematical typesetting tools

(/home/max/.local/texlive/2020/texmf-dist/tex/latex/tools/calc.sty
Package: calc 2017/05/25 v4.3 Infix arithmetic (KKT,FJ)
\calc@Acount=\count330
\calc@Bcount=\count331
\calc@Adimen=\dimen280
\calc@Bdimen=\dimen281
\calc@Askip=\skip63
\calc@Bskip=\skip64
LaTeX Info: Redefining \setlength on input line 80.
LaTeX Info: Redefining \addtolength on input line 81.
\calc@Ccount=\count332
\calc@Cskip=\skip65
)
(/home/max/.local/texlive/2020/texmf-dist/tex/latex/mathtools/mhsetup.sty
Package: mhsetup 2017/03/31 v1.3 programming setup (MH)
)
LaTeX Info: Thecontrolsequence`\('isalreadyrobust on input line 130.
LaTeX Info: Thecontrolsequence`\)'isalreadyrobust on input line 130.
LaTeX Info: Thecontrolsequence`\['isalreadyrobust on input line 130.
LaTeX Info: Thecontrolsequence`\]'isalreadyrobust on input line 130.
\g_MT_multlinerow_int=\count333
\l_MT_multwidth_dim=\dimen282
\origjot=\skip66
\l_MT_shortvdotswithinadjustabove_dim=\dimen283
\l_MT_shortvdotswithinadjustbelow_dim=\dimen284
\l_MT_above_intertext_sep=\dimen285
\l_MT_below_intertext_sep=\dimen286
\l_MT_above_shortintertext_sep=\dimen287
\l_MT_below_shortintertext_sep=\dimen288
\xmathstrut@box=\box74
\xmathstrut@dim=\dimen289
)
(/home/max/.local/texlive/2020/texmf-dist/tex/latex/bookmark/bookmark.sty
Package: bookmark 2019/12/03 v1.28 PDF bookmarks (HO)

(/home/max/.local/texlive/2020/texmf-dist/tex/latex/bookmark/bkm-pdftex.def
File: bkm-pdftex.def 2019/12/03 v1.28 bookmark driver for pdfTeX (HO)
\BKM@id=\count334
))
(/home/max/.local/texlive/2020/texmf-dist/tex/latex/siunitx/siunitx.sty
Package: siunitx 2020/02/25 v2.8b A comprehensive (SI) units package

(/home/max/.local/texlive/2020/texmf-dist/tex/latex/tools/array.sty
Package: array 2019/08/31 v2.4l Tabular extension package (FMi)
\col@sep=\dimen290
\ar@mcellbox=\box75
\extrarowheight=\dimen291
\NC@list=\toks48
\extratabsurround=\skip67
\backup@length=\skip68
\ar@cellbox=\box76
)
\l__siunitx_tmp_box=\box77
\l__siunitx_tmp_dim=\dimen292
\l__siunitx_tmp_int=\count335
\l__siunitx_number_mantissa_length_int=\count336
\l__siunitx_number_uncert_length_int=\count337
\l__siunitx_round_int=\count338
\l__siunitx_process_decimal_int=\count339
\l__siunitx_process_uncertainty_int=\count340
\l__siunitx_process_fixed_int=\count341
\l__siunitx_process_integer_min_int=\count342
\l__siunitx_process_precision_int=\count343
\l__siunitx_group_min_int=\count344
\l__siunitx_angle_marker_box=\box78
\l__siunitx_angle_unit_box=\box79
\l__siunitx_angle_marker_dim=\dimen293
\l__siunitx_angle_unit_dim=\dimen294
\l__siunitx_unit_int=\count345
\l__siunitx_unit_denominator_int=\count346
\l__siunitx_unit_numerator_int=\count347
\l__siunitx_unit_prefix_int=\count348
\l__siunitx_unit_prefix_base_int=\count349
\l__siunitx_unit_prefix_gram_int=\count350
\l__siunitx_number_product_int=\count351
\c__siunitx_one_fill_skip=\skip69
\l__siunitx_table_unit_align_skip=\skip70
\l__siunitx_table_exponent_dim=\dimen295
\l__siunitx_table_integer_dim=\dimen296
\l__siunitx_table_mantissa_dim=\dimen297
\l__siunitx_table_marker_dim=\dimen298
\l__siunitx_table_result_dim=\dimen299
\l__siunitx_table_uncert_dim=\dimen300
\l__siunitx_table_fill_pre_dim=\dimen301
\l__siunitx_table_fill_post_dim=\dimen302
\l__siunitx_table_fill_mid_dim=\dimen303
\l__siunitx_table_pre_box=\box80
\l__siunitx_table_post_box=\box81
\l__siunitx_table_mantissa_box=\box82
\l__siunitx_table_result_box=\box83
\l__siunitx_table_number_align_skip=\skip71
\l__siunitx_table_text_align_skip=\skip72
)
(/home/max/.local/texlive/2020/texmf-dist/tex/latex/biblatex/biblatex.sty
Package: biblatex 2019/12/01 v3.14 programmable bibliographies (PK/MW)

(/home/max/.local/texlive/2020/texmf-dist/tex/latex/logreq/logreq.sty
Package: logreq 2010/08/04 v1.0 xml request logger
\lrq@indent=\count352

(/home/max/.local/texlive/2020/texmf-dist/tex/latex/logreq/logreq.def
File: logreq.def 2010/08/04 v1.0 logreq spec v1.0
))
(/home/max/.local/texlive/2020/texmf-dist/tex/latex/base/ifthen.sty
Package: ifthen 2014/09/29 v1.1c Standard LaTeX ifthen package (DPC)
)
\c@tabx@nest=\count353
\c@listtotal=\count354
\c@listcount=\count355
\c@liststart=\count356
\c@liststop=\count357
\c@citecount=\count358
\c@citetotal=\count359
\c@multicitecount=\count360
\c@multicitetotal=\count361
\c@instcount=\count362
\c@maxnames=\count363
\c@minnames=\count364
\c@maxitems=\count365
\c@minitems=\count366
\c@citecounter=\count367
\c@maxcitecounter=\count368
\c@savedcitecounter=\count369
\c@uniquelist=\count370
\c@uniquename=\count371
\c@refsection=\count372
\c@refsegment=\count373
\c@maxextratitle=\count374
\c@maxextratitleyear=\count375
\c@maxextraname=\count376
\c@maxextradate=\count377
\c@maxextraalpha=\count378
\c@abbrvpenalty=\count379
\c@highnamepenalty=\count380
\c@lownamepenalty=\count381
\c@maxparens=\count382
\c@parenlevel=\count383
\blx@tempcnta=\count384
\blx@tempcntb=\count385
\blx@tempcntc=\count386
\blx@maxsection=\count387
\blx@maxsegment@0=\count388
\blx@notetype=\count389
\blx@parenlevel@text=\count390
\blx@parenlevel@foot=\count391
\blx@sectionciteorder@0=\count392
\blx@entrysetcounter=\count393
\labelnumberwidth=\skip73
\labelalphawidth=\skip74
\biblabelsep=\skip75
\bibitemsep=\skip76
\bibnamesep=\skip77
\bibinitsep=\skip78
\bibparsep=\skip79
\bibhang=\skip80
\blx@bcfin=\read3
\blx@bcfout=\write5
\blx@langwohyphens=\language2
\c@mincomprange=\count394
\c@maxcomprange=\count395
\c@mincompwidth=\count396
Package biblatex Info: Trying to load biblatex default data model...
Package biblatex Info: ... file 'blx-dm.def' found.

(/home/max/.local/texlive/2020/texmf-dist/tex/latex/biblatex/blx-dm.def
File: blx-dm.def 2019/12/01 v3.14 biblatex localization (PK/MW)
)
Package biblatex Info: Trying to load biblatex custom data model...
Package biblatex Info: ... file 'biblatex-dm.cfg' not found.
\c@afterword=\count397
\c@savedafterword=\count398
\c@annotator=\count399
\c@savedannotator=\count400
\c@author=\count401
\c@savedauthor=\count402
\c@bookauthor=\count403
\c@savedbookauthor=\count404
\c@commentator=\count405
\c@savedcommentator=\count406
\c@editor=\count407
\c@savededitor=\count408
\c@editora=\count409
\c@savededitora=\count410
\c@editorb=\count411
\c@savededitorb=\count412
\c@editorc=\count413
\c@savededitorc=\count414
\c@foreword=\count415
\c@savedforeword=\count416
\c@holder=\count417
\c@savedholder=\count418
\c@introduction=\count419
\c@savedintroduction=\count420
\c@namea=\count421
\c@savednamea=\count422
\c@nameb=\count423
\c@savednameb=\count424
\c@namec=\count425
\c@savednamec=\count426
\c@translator=\count427
\c@savedtranslator=\count428
\c@shortauthor=\count429
\c@savedshortauthor=\count430
\c@shorteditor=\count431
\c@savedshorteditor=\count432
\c@labelname=\count433
\c@savedlabelname=\count434
\c@institution=\count435
\c@savedinstitution=\count436
\c@lista=\count437
\c@savedlista=\count438
\c@listb=\count439
\c@savedlistb=\count440
\c@listc=\count441
\c@savedlistc=\count442
\c@listd=\count443
\c@savedlistd=\count444
\c@liste=\count445
\c@savedliste=\count446
\c@listf=\count447
\c@savedlistf=\count448
\c@location=\count449
\c@savedlocation=\count450
\c@organization=\count451
\c@savedorganization=\count452
\c@origlocation=\count453
\c@savedoriglocation=\count454
\c@origpublisher=\count455
\c@savedorigpublisher=\count456
\c@publisher=\count457
\c@savedpublisher=\count458
\c@language=\count459
\c@savedlanguage=\count460
\c@origlanguage=\count461
\c@savedoriglanguage=\count462
\c@pageref=\count463
\c@savedpageref=\count464
\shorthandwidth=\skip81
\shortjournalwidth=\skip82
\shortserieswidth=\skip83
\shorttitlewidth=\skip84
\shortauthorwidth=\skip85
\shorteditorwidth=\skip86
\locallabelnumberwidth=\skip87
\locallabelalphawidth=\skip88
\localshorthandwidth=\skip89
\localshortjournalwidth=\skip90
\localshortserieswidth=\skip91
\localshorttitlewidth=\skip92
\localshortauthorwidth=\skip93
\localshorteditorwidth=\skip94
Package biblatex Info: Trying to load enhanced support for Unicode engines...
Package biblatex Info: ... file 'blx-unicode.def' found.

(/home/max/.local/texlive/2020/texmf-dist/tex/latex/biblatex/blx-unicode.def)
Package biblatex Info: Trying to load compatibility code...
Package biblatex Info: ... file 'blx-compat.def' found.

(/home/max/.local/texlive/2020/texmf-dist/tex/latex/biblatex/blx-compat.def
File: blx-compat.def 2019/12/01 v3.14 biblatex compatibility (PK/MW)
)
Package biblatex Info: Trying to load generic definitions...
Package biblatex Info: ... file 'biblatex.def' found.

(/home/max/.local/texlive/2020/texmf-dist/tex/latex/biblatex/biblatex.def
File: biblatex.def 2019/12/01 v3.14 biblatex compatibility (PK/MW)
\c@textcitecount=\count465
\c@textcitetotal=\count466
\c@textcitemaxnames=\count467
\c@biburlbigbreakpenalty=\count468
\c@biburlbreakpenalty=\count469
\c@biburlnumpenalty=\count470
\c@biburlucpenalty=\count471
\c@biburllcpenalty=\count472
\biburlbigskip=\muskip18
\biburlnumskip=\muskip19
\biburlucskip=\muskip20
\biburllcskip=\muskip21
\c@smartand=\count473
)
Package biblatex Info: Trying to load bibliography style 'numeric'...
Package biblatex Info: ... file 'numeric.bbx' found.

(/home/max/.local/texlive/2020/texmf-dist/tex/latex/biblatex/bbx/numeric.bbx
File: numeric.bbx 2019/12/01 v3.14 biblatex bibliography style (PK/MW)
Package biblatex Info: Trying to load bibliography style 'standard'...
Package biblatex Info: ... file 'standard.bbx' found.

(/home/max/.local/texlive/2020/texmf-dist/tex/latex/biblatex/bbx/standard.bbx
File: standard.bbx 2019/12/01 v3.14 biblatex bibliography style (PK/MW)
\c@bbx:relatedcount=\count474
\c@bbx:relatedtotal=\count475
))
Package biblatex Info: Trying to load citation style 'numeric'...
Package biblatex Info: ... file 'numeric.cbx' found.
(/home/max/.local/texlive/2020/texmf-dist/tex/latex/biblatex/cbx/numeric.cbx
File: numeric.cbx 2019/12/01 v3.14 biblatex citation style (PK/MW)
Package biblatex Info: Redefining '\cite'.
Package biblatex Info: Redefining '\parencite'.
Package biblatex Info: Redefining '\footcite'.
Package biblatex Info: Redefining '\footcitetext'.
Package biblatex Info: Redefining '\smartcite'.
Package biblatex Info: Redefining '\supercite'.
Package biblatex Info: Redefining '\textcite'.
Package biblatex Info: Redefining '\textcites'.
Package biblatex Info: Redefining '\cites'.
Package biblatex Info: Redefining '\parencites'.
Package biblatex Info: Redefining '\smartcites'.
)
Package biblatex Info: Trying to load configuration file...
Package biblatex Info: ... file 'biblatex.cfg' found.

(/home/max/.local/texlive/2020/texmf-dist/tex/latex/biblatex/biblatex.cfg
File: biblatex.cfg 
))
(./beamerthemetudo.sty
Package: beamerthemetudo 2019/01/29
Package hyperref Info: Option `colorlinks' set `true' on input line 8.

(/home/max/.local/texlive/2020/texmf-dist/tex/latex/beamer/beamerfontthemeprofe
ssionalfonts.sty)
(/home/max/.local/texlive/2020/texmf-dist/tex/latex/unicode-math/unicode-math.s
ty
Package: unicode-math 2020/01/31 v0.8q Unicode maths in XeLaTeX and LuaLaTeX

(/home/max/.local/texlive/2020/texmf-dist/tex/latex/unicode-math/unicode-math-l
uatex.sty
Package: unicode-math-luatex 2020/01/31 v0.8q Unicode maths in XeLaTeX and LuaLa
TeX
 (/home/max/.local/texlive/2020/texmf-dist/tex/latex/base/fix-cm.sty
Package: fix-cm 2015/01/14 v1.1t fixes to LaTeX

(/home/max/.local/texlive/2020/texmf-dist/tex/latex/base/ts1enc.def
File: ts1enc.def 2001/06/05 v3.0e (jk/car/fm) Standard LaTeX file
LaTeX Font Info:    Redeclaring font encoding TS1 on input line 47.
))
(/home/max/.local/texlive/2020/texmf-dist/tex/lualatex/lualatex-math/lualatex-m
ath.sty
Package: lualatex-math 2019/01/21 v1.8 Patches for mathematics typesetting with 
LuaLaTeX
Lua module: lualatex-math 2013/08/03 1.3 Patches for mathematics typesetting wit
h LuaLaTeX

Package lualatex-math Info: I'm going to patch macro \subarray.


Package lualatex-math Info: I'm going to patch macro \frac .


Package lualatex-math Info: I'm going to patch macro \genfrac .


Package lualatex-math Info: I'm going to patch macro \MT_cramped_internal:Nn.

)
\g__um_fam_int=\count476
\g__um_fonts_used_int=\count477
\l__um_primecount_int=\count478
\g__um_primekern_muskip=\muskip22

(/home/max/.local/texlive/2020/texmf-dist/tex/latex/unicode-math/unicode-math-t
able.tex)))
luaotfload | cache : Lookup cache loaded from /home/max/.local/texlive/2020/texm
f-var/luatex-cache/generic-dev/names/luaotfload-lookup-cache.luc.
luaotfload | db : Reload initiated (formats: otf,ttf,ttc); reason: "Font Akkurat
 Light Office not found.".
luaotfload | resolve : sequence of 3 lookups yielded nothing appropriate.

Package fontspec Info: FiraSansLight scale = 0.8489459574233577.


Package fontspec Info: Could not resolve font "FiraSansMedium/I" (it probably
(fontspec)             doesn't exist).


Package fontspec Info: Could not resolve font "FiraSansLight/BI" (it probably
(fontspec)             doesn't exist).


Package fontspec Info: Could not resolve font "FiraSansLight/I" (it probably
(fontspec)             doesn't exist).


Package fontspec Info: FiraSansLight scale = 0.8489459574233577.


Package fontspec Info: FiraSansLight scale = 0.8489459574233577.


Package fontspec Info: FiraSansMedium scale = 0.8393169624829337.


Package fontspec Info: FiraSansMedium scale = 0.8393169624829337.


Package fontspec Info: Font family 'FiraSansLight(0)' created for font
(fontspec)             'FiraSans Light' with options
(fontspec)             [Ligatures=TeX,Scale=MatchLowercase,BoldFont=FiraSans
(fontspec)             Medium].
(fontspec)              
(fontspec)              This font family consists of the following NFSS
(fontspec)             series/shapes:
(fontspec)              
(fontspec)             - 'normal' (m/n) with NFSS spec.:
(fontspec)             <->s*[0.8489459574233577]"FiraSansLight:mode=node;script=
latn;language=dflt;+tlig;"
(fontspec)             - 'small caps'  (m/sc) with NFSS spec.:
(fontspec)             <->s*[0.8489459574233577]"FiraSansLight:mode=node;script=
latn;language=dflt;+tlig;+smcp;"
(fontspec)             - 'bold' (b/n) with NFSS spec.:
(fontspec)             <->s*[0.8393169624829337]"FiraSansMedium:mode=node;script
=latn;language=dflt;+tlig;"
(fontspec)             - 'bold small caps'  (b/sc) with NFSS spec.:
(fontspec)             <->s*[0.8393169624829337]"FiraSansMedium:mode=node;script
=latn;language=dflt;+tlig;+smcp;"

LaTeX Font Info:    Font shape `TU/FiraSansLight(0)/m/n' will be
(Font)              scaled to size 7.64058pt on input line 46.

Package fontspec Info: FiraSansLight scale = 0.8489491991351113.


Package fontspec Info: Could not resolve font "FiraSansMedium/I" (it probably
(fontspec)             doesn't exist).


Package fontspec Info: Could not resolve font "FiraSansLight/BI" (it probably
(fontspec)             doesn't exist).


Package fontspec Info: Could not resolve font "FiraSansLight/I" (it probably
(fontspec)             doesn't exist).


Package fontspec Info: FiraSansLight scale = 0.8489491991351113.


Package fontspec Info: FiraSansLight scale = 0.8489491991351113.


Package fontspec Info: FiraSansMedium scale = 0.8393201674262383.


Package fontspec Info: FiraSansMedium scale = 0.8393201674262383.


Package fontspec Info: Font family 'FiraSansLight(1)' created for font
(fontspec)             'FiraSans Light' with options
(fontspec)             [Renderer=Basic,Scale=MatchLowercase,BoldFont=FiraSans
(fontspec)             Medium].
(fontspec)              
(fontspec)              This font family consists of the following NFSS
(fontspec)             series/shapes:
(fontspec)              
(fontspec)             - 'normal' (m/n) with NFSS spec.:
(fontspec)             <->s*[0.8489491991351113]"FiraSansLight:mode=base;script=
latn;language=dflt;"
(fontspec)             - 'small caps'  (m/sc) with NFSS spec.:
(fontspec)             <->s*[0.8489491991351113]"FiraSansLight:mode=base;script=
latn;language=dflt;+smcp;"
(fontspec)             - 'bold' (b/n) with NFSS spec.:
(fontspec)             <->s*[0.8393201674262383]"FiraSansMedium:mode=base;script
=latn;language=dflt;"
(fontspec)             - 'bold small caps'  (b/sc) with NFSS spec.:
(fontspec)             <->s*[0.8393201674262383]"FiraSansMedium:mode=base;script
=latn;language=dflt;+smcp;"

LaTeX Font Info:    Overwriting math alphabet `\mathsf' in version `normal'
(Font)                  OT1/cmss/m/n --> TU/FiraSansLight(1)/m/n on input line 4
6.
LaTeX Font Info:    Overwriting math alphabet `\mathsf' in version `bold'
(Font)                  OT1/cmss/bx/n --> TU/FiraSansLight(1)/bx/n on input line
 46.

Package fontspec Info: FiraMono scale = 0.8425063859631063.


Package fontspec Info: FiraMono scale = 0.8425063859631063.

luaotfload | aux : font no 47 (nil) does not define feature smcp for script latn
 with language dflt

Package fontspec Info: FiraMono/B scale = 0.8361579575859362.

luaotfload | aux : font no 48 (nil) does not define feature smcp for script latn
 with language dflt

Package fontspec Info: FiraMono/I scale = 0.8425063859631063.

luaotfload | aux : font no 49 (nil) does not define feature smcp for script latn
 with language dflt

Package fontspec Info: FiraMono/BI scale = 0.8361579575859362.

luaotfload | aux : font no 50 (nil) does not define feature smcp for script latn
 with language dflt

Package fontspec Info: Font family 'FiraMono(0)' created for font 'Fira Mono'
(fontspec)             with options
(fontspec)             [WordSpace={1,0,0},HyphenChar=None,PunctuationSpace=WordS
pace,Scale=MatchLowercase].
(fontspec)              
(fontspec)              This font family consists of the following NFSS
(fontspec)             series/shapes:
(fontspec)              
(fontspec)             - 'normal' (m/n) with NFSS spec.:
(fontspec)             <->s*[0.8425063859631063]"FiraMono:mode=node;script=latn;
language=dflt;"
(fontspec)             - 'small caps'  (m/sc) with NFSS spec.: 
(fontspec)             and font adjustment code:
(fontspec)             \fontdimen 2\font =1\fontdimen 2\font \fontdimen 3\font
(fontspec)             =0\fontdimen 3\font \fontdimen 4\font =0\fontdimen
(fontspec)             4\font \fontdimen 7\font =0\fontdimen 2\font
(fontspec)             \tex_hyphenchar:D \font =-1\scan_stop: 
(fontspec)             - 'bold' (b/n) with NFSS spec.:
(fontspec)             <->s*[0.8361579575859362]"FiraMono/B:mode=node;script=lat
n;language=dflt;"
(fontspec)             - 'bold small caps'  (b/sc) with NFSS spec.: 
(fontspec)             and font adjustment code:
(fontspec)             \fontdimen 2\font =1\fontdimen 2\font \fontdimen 3\font
(fontspec)             =0\fontdimen 3\font \fontdimen 4\font =0\fontdimen
(fontspec)             4\font \fontdimen 7\font =0\fontdimen 2\font
(fontspec)             \tex_hyphenchar:D \font =-1\scan_stop: 
(fontspec)             - 'italic' (m/it) with NFSS spec.:
(fontspec)             <->s*[0.8425063859631063]"FiraMono/I:mode=node;script=lat
n;language=dflt;"
(fontspec)             - 'italic small caps'  (m/scit) with NFSS spec.: 
(fontspec)             and font adjustment code:
(fontspec)             \fontdimen 2\font =1\fontdimen 2\font \fontdimen 3\font
(fontspec)             =0\fontdimen 3\font \fontdimen 4\font =0\fontdimen
(fontspec)             4\font \fontdimen 7\font =0\fontdimen 2\font
(fontspec)             \tex_hyphenchar:D \font =-1\scan_stop: 
(fontspec)             - 'bold italic' (b/it) with NFSS spec.:
(fontspec)             <->s*[0.8361579575859362]"FiraMono/BI:mode=node;script=la
tn;language=dflt;"
(fontspec)             - 'bold italic small caps'  (b/scit) with NFSS spec.: 
(fontspec)             and font adjustment code:
(fontspec)             \fontdimen 2\font =1\fontdimen 2\font \fontdimen 3\font
(fontspec)             =0\fontdimen 3\font \fontdimen 4\font =0\fontdimen
(fontspec)             4\font \fontdimen 7\font =0\fontdimen 2\font
(fontspec)             \tex_hyphenchar:D \font =-1\scan_stop: 


Package fontspec Info: FiraMono scale = 0.8425063859631063.


Package fontspec Info: FiraMono scale = 0.8425063859631063.

luaotfload | aux : font no 57 (nil) does not define feature smcp for script latn
 with language dflt

Package fontspec Info: FiraMono/B scale = 0.8361579575859362.

luaotfload | aux : font no 58 (nil) does not define feature smcp for script latn
 with language dflt

Package fontspec Info: FiraMono/I scale = 0.8425063859631063.

luaotfload | aux : font no 59 (nil) does not define feature smcp for script latn
 with language dflt

Package fontspec Info: FiraMono/BI scale = 0.8361579575859362.

luaotfload | aux : font no 60 (nil) does not define feature smcp for script latn
 with language dflt

Package fontspec Info: Font family 'FiraMono(1)' created for font 'Fira Mono'
(fontspec)             with options [Renderer=Basic,Scale=MatchLowercase].
(fontspec)              
(fontspec)              This font family consists of the following NFSS
(fontspec)             series/shapes:
(fontspec)              
(fontspec)             - 'normal' (m/n) with NFSS spec.:
(fontspec)             <->s*[0.8425063859631063]"FiraMono:mode=base;script=latn;
language=dflt;"
(fontspec)             - 'small caps'  (m/sc) with NFSS spec.: 
(fontspec)             - 'bold' (b/n) with NFSS spec.:
(fontspec)             <->s*[0.8361579575859362]"FiraMono/B:mode=base;script=lat
n;language=dflt;"
(fontspec)             - 'bold small caps'  (b/sc) with NFSS spec.: 
(fontspec)             - 'italic' (m/it) with NFSS spec.:
(fontspec)             <->s*[0.8425063859631063]"FiraMono/I:mode=base;script=lat
n;language=dflt;"
(fontspec)             - 'italic small caps'  (m/scit) with NFSS spec.: 
(fontspec)             - 'bold italic' (b/it) with NFSS spec.:
(fontspec)             <->s*[0.8361579575859362]"FiraMono/BI:mode=base;script=la
tn;language=dflt;"
(fontspec)             - 'bold italic small caps'  (b/scit) with NFSS spec.: 

LaTeX Font Info:    Overwriting math alphabet `\mathtt' in version `normal'
(Font)                  OT1/cmtt/m/n --> TU/FiraMono(1)/m/n on input line 47.
LaTeX Font Info:    Overwriting math alphabet `\mathtt' in version `bold'
(Font)                  OT1/cmtt/m/n --> TU/FiraMono(1)/bx/n on input line 47.

Package fontspec Info: FiraMath scale = 0.8425063859631063.


Package fontspec Info: Could not resolve font "FiraMath/B" (it probably
(fontspec)             doesn't exist).


Package fontspec Info: FiraMath scale = 0.8425063859631063.


Package fontspec Info: Font family 'FiraMath(0)' created for font 'Fira Math'
(fontspec)             with options
(fontspec)             [Renderer=Basic,BoldItalicFont={},ItalicFont={},SmallCaps
Font={},Script=Math,FontAdjustment={\__um_luatex_copy_fontdimens:
(fontspec)             },Scale={MatchLowercase}].
(fontspec)              
(fontspec)              This font family consists of the following NFSS
(fontspec)             series/shapes:
(fontspec)              
(fontspec)             - 'normal' (m/n) with NFSS spec.:
(fontspec)             <->s*[0.8425063859631063]"FiraMath:mode=base;script=math;
language=dflt;"
(fontspec)             - 'small caps'  (m/sc) with NFSS spec.: 
(fontspec)             and font adjustment code:
(fontspec)             \__um_luatex_copy_fontdimens: 

LaTeX Font Info:    Font shape `TU/FiraMath(0)/m/n' will be
(Font)              scaled to size 7.58249pt on input line 48.

Package fontspec Info: FiraMath scale = 0.8425063859631063.


Package fontspec Info: Could not resolve font "FiraMath/B" (it probably
(fontspec)             doesn't exist).


Package fontspec Info: FiraMath scale = 0.8425063859631063.


Package fontspec Info: FiraMath scale = 0.8425063859631063.


Package fontspec Info: FiraMath scale = 0.8425063859631063.


Package fontspec Info: Font family 'FiraMath(1)' created for font 'Fira Math'
(fontspec)             with options
(fontspec)             [Renderer=Basic,BoldItalicFont={},ItalicFont={},SmallCaps
Font={},Script=Math,SizeFeatures={{Size=7.74-},{Size=5.85-7.74,Font=Fira
(fontspec)             Math,Style=MathScript},{Size=-5.85,Font=Fira
(fontspec)             Math,Style=MathScriptScript}},FontAdjustment={\__um_luate
x_copy_fontdimens:
(fontspec)             },Scale={MatchLowercase}].
(fontspec)              
(fontspec)              This font family consists of the following NFSS
(fontspec)             series/shapes:
(fontspec)              
(fontspec)             - 'normal' (m/n) with NFSS spec.:
(fontspec)             <7.74->s*[0.8425063859631063]"FiraMath:mode=base;script=m
ath;language=dflt;"<5.85-7.74>s*[0.8425063859631063]"FiraMath:mode=base;script=m
ath;language=dflt;+ssty=0;"<-5.85>s*[0.8425063859631063]"FiraMath:mode=base;scri
pt=math;language=dflt;+ssty=1;"
(fontspec)             - 'small caps'  (m/sc) with NFSS spec.: 
(fontspec)             and font adjustment code:
(fontspec)             \__um_luatex_copy_fontdimens: 

LaTeX Font Info:    Font shape `TU/FiraMath(1)/m/n' will be
(Font)              scaled to size 7.58249pt on input line 48.
LaTeX Font Info:    Encoding `OT1' has changed to `TU' for symbol font
(Font)              `operators' in the math version `normal' on input line 48.
LaTeX Font Info:    Overwriting symbol font `operators' in version `normal'
(Font)                  OT1/cmr/m/n --> TU/FiraMath(1)/m/n on input line 48.
LaTeX Font Info:    Encoding `OT1' has changed to `TU' for symbol font
(Font)              `operators' in the math version `bold' on input line 48.
LaTeX Font Info:    Overwriting symbol font `operators' in version `bold'
(Font)                  OT1/cmr/bx/n --> TU/FiraMath(1)/b/n on input line 48.

Package fontspec Info: FiraMath scale = 0.8425063859631063.


Package fontspec Info: FiraMath scale = 0.8425906366017026.


Package fontspec Info: Could not resolve font "FiraMath/B" (it probably
(fontspec)             doesn't exist).


Package fontspec Info: FiraMath scale = 0.8425063859631063.


Package fontspec Info: FiraMath scale = 0.8425906366017026.


Package fontspec Info: FiraMath scale = 0.8425063859631063.


Package fontspec Info: FiraMath scale = 0.8425906366017026.


Package fontspec Info: FiraMath scale = 0.8425063859631063.


Package fontspec Info: FiraMath scale = 0.8425906366017026.


Package fontspec Info: Font family 'FiraMath(2)' created for font 'Fira Math'
(fontspec)             with options
(fontspec)             [Renderer=Basic,BoldItalicFont={},ItalicFont={},SmallCaps
Font={},Script=Math,SizeFeatures={{Size=7.74-},{Size=5.85-7.74,Font=Fira
(fontspec)             Math,Style=MathScript},{Size=-5.85,Font=Fira
(fontspec)             Math,Style=MathScriptScript}},FontAdjustment={\__um_luate
x_copy_fontdimens:
(fontspec)             },Scale={MatchLowercase},ScaleAgain=1.0001,FontAdjustment
={\fontdimen
(fontspec)             8\font =4.39784pt\relax \fontdimen 9\font
(fontspec)             =3.41211pt\relax \fontdimen 10\font =3.41211pt\relax
(fontspec)             \fontdimen 11\font =5.30774pt\relax \fontdimen 12\font
(fontspec)             =3.63959pt\relax \fontdimen 13\font =3.03299pt\relax
(fontspec)             \fontdimen 14\font =3.03299pt\relax \fontdimen 15\font
(fontspec)             =2.04727pt\relax \fontdimen 16\font =2.65387pt\relax
(fontspec)             \fontdimen 17\font =2.65387pt\relax \fontdimen 18\font
(fontspec)             =2.72969pt\relax \fontdimen 19\font =1.89561pt\relax
(fontspec)             \fontdimen 22\font =2.1231pt\relax \fontdimen 20\font
(fontspec)             =0pt\relax \fontdimen 21\font =0pt\relax }].
(fontspec)              
(fontspec)              This font family consists of the following NFSS
(fontspec)             series/shapes:
(fontspec)              
(fontspec)             - 'normal' (m/n) with NFSS spec.:
(fontspec)             <7.74->s*[0.8425906366017026]"FiraMath:mode=base;script=m
ath;language=dflt;"<5.85-7.74>s*[0.8425906366017026]"FiraMath:mode=base;script=m
ath;language=dflt;+ssty=0;"<-5.85>s*[0.8425906366017026]"FiraMath:mode=base;scri
pt=math;language=dflt;+ssty=1;"
(fontspec)             - 'small caps'  (m/sc) with NFSS spec.: 
(fontspec)             and font adjustment code:
(fontspec)             \__um_luatex_copy_fontdimens: \fontdimen 8\font
(fontspec)             =4.39784pt\relax \fontdimen 9\font =3.41211pt\relax
(fontspec)             \fontdimen 10\font =3.41211pt\relax \fontdimen 11\font
(fontspec)             =5.30774pt\relax \fontdimen 12\font =3.63959pt\relax
(fontspec)             \fontdimen 13\font =3.03299pt\relax \fontdimen 14\font
(fontspec)             =3.03299pt\relax \fontdimen 15\font =2.04727pt\relax
(fontspec)             \fontdimen 16\font =2.65387pt\relax \fontdimen 17\font
(fontspec)             =2.65387pt\relax \fontdimen 18\font =2.72969pt\relax
(fontspec)             \fontdimen 19\font =1.89561pt\relax \fontdimen 22\font
(fontspec)             =2.1231pt\relax \fontdimen 20\font =0pt\relax
(fontspec)             \fontdimen 21\font =0pt\relax 

LaTeX Font Info:    Encoding `OMS' has changed to `TU' for symbol font
(Font)              `symbols' in the math version `normal' on input line 48.
LaTeX Font Info:    Overwriting symbol font `symbols' in version `normal'
(Font)                  OMS/cmsy/m/n --> TU/FiraMath(2)/m/n on input line 48.
LaTeX Font Info:    Encoding `OMS' has changed to `TU' for symbol font
(Font)              `symbols' in the math version `bold' on input line 48.
LaTeX Font Info:    Overwriting symbol font `symbols' in version `bold'
(Font)                  OMS/cmsy/b/n --> TU/FiraMath(2)/b/n on input line 48.

Package fontspec Info: FiraMath scale = 0.8425063859631063.


Package fontspec Info: FiraMath scale = 0.84242213532451.


Package fontspec Info: Could not resolve font "FiraMath/B" (it probably
(fontspec)             doesn't exist).


Package fontspec Info: FiraMath scale = 0.8425063859631063.


Package fontspec Info: FiraMath scale = 0.84242213532451.


Package fontspec Info: FiraMath scale = 0.8425063859631063.


Package fontspec Info: FiraMath scale = 0.84242213532451.


Package fontspec Info: FiraMath scale = 0.8425063859631063.


Package fontspec Info: FiraMath scale = 0.84242213532451.


Package fontspec Info: Font family 'FiraMath(3)' created for font 'Fira Math'
(fontspec)             with options
(fontspec)             [Renderer=Basic,BoldItalicFont={},ItalicFont={},SmallCaps
Font={},Script=Math,SizeFeatures={{Size=7.74-},{Size=5.85-7.74,Font=Fira
(fontspec)             Math,Style=MathScript},{Size=-5.85,Font=Fira
(fontspec)             Math,Style=MathScriptScript}},FontAdjustment={\__um_luate
x_copy_fontdimens:
(fontspec)             },Scale={MatchLowercase},ScaleAgain=0.9999,FontAdjustment
={\fontdimen
(fontspec)             8\font =0.57626pt\relax \fontdimen 9\font
(fontspec)             =1.13736pt\relax \fontdimen 10\font =1.13736pt\relax
(fontspec)             \fontdimen 11\font =1.13736pt\relax \fontdimen 12\font
(fontspec)             =4.54948pt\relax \fontdimen 13\font =0pt\relax }].
(fontspec)              
(fontspec)              This font family consists of the following NFSS
(fontspec)             series/shapes:
(fontspec)              
(fontspec)             - 'normal' (m/n) with NFSS spec.:
(fontspec)             <7.74->s*[0.84242213532451]"FiraMath:mode=base;script=mat
h;language=dflt;"<5.85-7.74>s*[0.84242213532451]"FiraMath:mode=base;script=math;
language=dflt;+ssty=0;"<-5.85>s*[0.84242213532451]"FiraMath:mode=base;script=mat
h;language=dflt;+ssty=1;"
(fontspec)             - 'small caps'  (m/sc) with NFSS spec.: 
(fontspec)             and font adjustment code:
(fontspec)             \__um_luatex_copy_fontdimens: \fontdimen 8\font
(fontspec)             =0.57626pt\relax \fontdimen 9\font =1.13736pt\relax
(fontspec)             \fontdimen 10\font =1.13736pt\relax \fontdimen 11\font
(fontspec)             =1.13736pt\relax \fontdimen 12\font =4.54948pt\relax
(fontspec)             \fontdimen 13\font =0pt\relax 

LaTeX Font Info:    Encoding `OMX' has changed to `TU' for symbol font
(Font)              `largesymbols' in the math version `normal' on input line 48
.
LaTeX Font Info:    Overwriting symbol font `largesymbols' in version `normal'
(Font)                  OMX/cmex/m/n --> TU/FiraMath(3)/m/n on input line 48.
LaTeX Font Info:    Encoding `OMX' has changed to `TU' for symbol font
(Font)              `largesymbols' in the math version `bold' on input line 48.
LaTeX Font Info:    Overwriting symbol font `largesymbols' in version `bold'
(Font)                  OMX/cmex/m/n --> TU/FiraMath(3)/b/n on input line 48.
LaTeX Font Info:    Font shape `TU/FiraMath(1)/m/n' will be
(Font)              scaled to size 5.45938pt on input line 48.
LaTeX Font Info:    Font shape `TU/FiraMath(1)/m/n' will be
(Font)              scaled to size 4.39784pt on input line 48.
LaTeX Font Info:    Font shape `TU/FiraMath(2)/m/n' will be
(Font)              scaled to size 7.58331pt on input line 48.
LaTeX Font Info:    Font shape `TU/FiraMath(2)/m/n' will be
(Font)              scaled to size 5.45998pt on input line 48.
LaTeX Font Info:    Font shape `TU/FiraMath(2)/m/n' will be
(Font)              scaled to size 4.39832pt on input line 48.
LaTeX Font Info:    Font shape `TU/FiraMath(3)/m/n' will be
(Font)              scaled to size 7.5818pt on input line 48.
LaTeX Font Info:    Font shape `TU/FiraMath(3)/m/n' will be
(Font)              scaled to size 5.4589pt on input line 48.
LaTeX Font Info:    Font shape `TU/FiraMath(3)/m/n' will be
(Font)              scaled to size 4.39745pt on input line 48.
LaTeX Font Info:    Trying to load font information for U+msa on input line 48.

(/home/max/.local/texlive/2020/texmf-dist/tex/latex/amsfonts/umsa.fd
File: umsa.fd 2013/01/14 v3.01 AMS symbols A
)
LaTeX Font Info:    Trying to load font information for U+msb on input line 48.

(/home/max/.local/texlive/2020/texmf-dist/tex/latex/amsfonts/umsb.fd
File: umsb.fd 2013/01/14 v3.01 AMS symbols B
)
\headerheight=\skip95
\footerleftwidth=\skip96
\footercenterwidth=\skip97
\footerrightwidth=\skip98
)
Package csquotes Info: Checking for multilingual support...
Package csquotes Info: ... found 'polyglossia' package.
Package csquotes Info: Adjusting default style.
Package csquotes Info: Redefining alias 'default' -> 'american'.

(./build/slides.aux
LaTeX Info: Redefining \rmfamily on input line 24.
LaTeX Info: Redefining \sffamily on input line 24.
LaTeX Info: Redefining \ttfamily on input line 24.
)
\openout1 = slides.aux

LaTeX Font Info:    Checking defaults for OML/cmm/m/it on input line 55.
LaTeX Font Info:    ... okay on input line 55.
LaTeX Font Info:    Checking defaults for OMS/cmsy/m/n on input line 55.
LaTeX Font Info:    ... okay on input line 55.
LaTeX Font Info:    Checking defaults for OT1/cmr/m/n on input line 55.
LaTeX Font Info:    ... okay on input line 55.
LaTeX Font Info:    Checking defaults for T1/cmr/m/n on input line 55.
LaTeX Font Info:    ... okay on input line 55.
LaTeX Font Info:    Checking defaults for TS1/cmr/m/n on input line 55.
LaTeX Font Info:    ... okay on input line 55.
LaTeX Font Info:    Checking defaults for TU/lmr/m/n on input line 55.
LaTeX Font Info:    ... okay on input line 55.
LaTeX Font Info:    Checking defaults for OMX/cmex/m/n on input line 55.
LaTeX Font Info:    ... okay on input line 55.
LaTeX Font Info:    Checking defaults for U/cmr/m/n on input line 55.
LaTeX Font Info:    ... okay on input line 55.
LaTeX Font Info:    Checking defaults for PD1/pdf/m/n on input line 55.
LaTeX Font Info:    ... okay on input line 55.
LaTeX Font Info:    Checking defaults for PU/pdf/m/n on input line 55.
LaTeX Font Info:    ... okay on input line 55.

*geometry* driver: auto-detecting
*geometry* detected driver: luatex
*geometry* verbose mode - [ preamble ] result:
* driver: luatex
* paper: custom
* layout: <same size as paper>
* layoutoffset:(h,v)=(0.0pt,0.0pt)
* modes: includehead includefoot 
* h-part:(L,W,R)=(15.0pt, 425.24408pt, 15.0pt)
* v-part:(T,H,B)=(0.0pt, 284.52756pt, 0.0pt)
* \paperwidth=455.24408pt
* \paperheight=284.52756pt
* \textwidth=425.24408pt
* \textheight=256.07483pt
* \oddsidemargin=-57.26999pt
* \evensidemargin=-57.26999pt
* \topmargin=-72.26999pt
* \headheight=14.22636pt
* \headsep=0.0pt
* \topskip=9.0pt
* \footskip=14.22636pt
* \marginparwidth=4.0pt
* \marginparsep=10.0pt
* \columnsep=10.0pt
* \skip\footins=8.0pt plus 4.0pt minus 2.0pt
* \hoffset=0.0pt
* \voffset=0.0pt
* \mag=1000
* \@twocolumnfalse
* \@twosidefalse
* \@mparswitchfalse
* \@reversemarginfalse
* (1in=72.27pt=25.4mm, 1cm=28.453pt)

(/home/max/.local/texlive/2020/texmf-dist/tex/context/base/mkii/supp-pdf.mkii
[Loading MPS to PDF converter (version 2006.09.02).]
\scratchcounter=\count479
\scratchdimen=\dimen304
\scratchbox=\box84
\nofMPsegments=\count480
\nofMParguments=\count481
\everyMPshowfont=\toks49
\MPscratchCnt=\count482
\MPscratchDim=\dimen305
\MPnumerator=\count483
\makeMPintoPDFobject=\count484
\everyMPtoPDFconversion=\toks50
)
(/home/max/.local/texlive/2020/texmf-dist/tex/latex/epstopdf-pkg/epstopdf-base.
sty
Package: epstopdf-base 2020-01-24 v2.11 Base part for package epstopdf
Package epstopdf-base Info: Redefining graphics rule for `.eps' on input line 48
5.

(/home/max/.local/texlive/2020/texmf-dist/tex/latex/latexconfig/epstopdf-sys.cf
g
File: epstopdf-sys.cfg 2010/07/13 v1.3 Configuration of (r)epstopdf for TeX Live

)) ABD: EveryShipout initializing macros
\AtBeginShipoutBox=\box85
Package hyperref Info: Link coloring ON on input line 55.

(/home/max/.local/texlive/2020/texmf-dist/tex/latex/hyperref/nameref.sty
Package: nameref 2019/09/16 v2.46 Cross-referencing by name of section

(/home/max/.local/texlive/2020/texmf-dist/tex/latex/refcount/refcount.sty
Package: refcount 2019/12/15 v3.6 Data extraction from label references (HO)
)
(/home/max/.local/texlive/2020/texmf-dist/tex/generic/gettitlestring/gettitlest
ring.sty
Package: gettitlestring 2019/12/15 v1.6 Cleanup title references (HO)
)
\c@section@level=\count485
)
LaTeX Info: Redefining \ref on input line 55.
LaTeX Info: Redefining \pageref on input line 55.
LaTeX Info: Redefining \nameref on input line 55.

(/home/max/.local/texlive/2020/texmf-dist/tex/latex/translator/translator-basic
-dictionary-English.dict
Dictionary: translator-basic-dictionary, Language: English 
)
(/home/max/.local/texlive/2020/texmf-dist/tex/latex/translator/translator-bibli
ography-dictionary-English.dict
Dictionary: translator-bibliography-dictionary, Language: English 
)
(/home/max/.local/texlive/2020/texmf-dist/tex/latex/translator/translator-envir
onment-dictionary-English.dict
Dictionary: translator-environment-dictionary, Language: English 
)
(/home/max/.local/texlive/2020/texmf-dist/tex/latex/translator/translator-month
s-dictionary-English.dict
Dictionary: translator-months-dictionary, Language: English 
)
(/home/max/.local/texlive/2020/texmf-dist/tex/latex/translator/translator-numbe
rs-dictionary-English.dict
Dictionary: translator-numbers-dictionary, Language: English 
)
(/home/max/.local/texlive/2020/texmf-dist/tex/latex/translator/translator-theor
em-dictionary-English.dict
Dictionary: translator-theorem-dictionary, Language: English 
)
(/home/max/.local/texlive/2020/texmf-dist/tex/latex/siunitx/siunitx-abbreviatio
ns.cfg
File: siunitx-abbreviations.cfg 2017/11/26 v2.7k siunitx: Abbreviated units
)
Package biblatex Info: Trying to load language 'american'...
Package biblatex Info: ... file 'american.lbx' found.

(/home/max/.local/texlive/2020/texmf-dist/tex/latex/biblatex/lbx/american.lbx
File: american.lbx 2019/12/01 v3.14 biblatex localization (PK/MW)
Package biblatex Info: Trying to load language 'english'...
Package biblatex Info: ... file 'english.lbx' found.

(/home/max/.local/texlive/2020/texmf-dist/tex/latex/biblatex/lbx/english.lbx
File: english.lbx 2019/12/01 v3.14 biblatex localization (PK/MW)
)
Package biblatex Info: Trying to load language 'english'...
Package biblatex Info: ... file 'english.lbx' found.

(/home/max/.local/texlive/2020/texmf-dist/tex/latex/biblatex/lbx/english.lbx
File: english.lbx 2019/12/01 v3.14 biblatex localization (PK/MW)
))
Package biblatex Info: LuaTeX detected.
(biblatex)             Assuming input encoding 'utf8'.
Package biblatex Info: Automatic encoding selection.
(biblatex)             Assuming data encoding 'utf8'.

\openout5 = slides.bcf
Package biblatex Info: Trying to load bibliographic data...
Package biblatex Info: ... file 'slides.bbl' found.

(./build/slides.bbl)
Package biblatex Info: Reference section=0 on input line 55.
Package biblatex Info: Reference segment=0 on input line 55.
LaTeX Font Info:    Overwriting math alphabet `\mathrm' in version `normal'
(Font)                  TU/FiraMath(1)/m/n --> TU/lmr/m/n on input line 55.
LaTeX Font Info:    Overwriting math alphabet `\mathit' in version `normal'
(Font)                  OT1/cmr/m/it --> TU/lmr/m/it on input line 55.
LaTeX Font Info:    Overwriting math alphabet `\mathbf' in version `normal'
(Font)                  OT1/cmr/bx/n --> TU/lmr/bx/n on input line 55.


Package unicode-math Warning: Using \overbracket and \underbracket from
(unicode-math)                `mathtools' package.
(unicode-math)                 
(unicode-math)                 Use \Uoverbracket and \Uunderbracket for
(unicode-math)                original `unicode-math' definition.


Package unicode-math Warning: I'm going to overwrite the following commands
(unicode-math)                from the `mathtools' package: 
(unicode-math)                 
(unicode-math)                     \dblcolon, \coloneqq, \Coloneqq, \eqqcolon.
(unicode-math)                
(unicode-math)                 
(unicode-math)                 Note that since I won't overwrite the other
(unicode-math)                colon-like commands, using them will lead to
(unicode-math)                inconsistencies.

LaTeX Info: Redefining \rmfamily on input line 55.
LaTeX Info: Redefining \sffamily on input line 55.
LaTeX Info: Redefining \ttfamily on input line 55.
luaotfload | aux : font no 36 (nil) defines no feature for script latn with lang
uage eng (./build/slides.nav)
LaTeX Font Info:    Font shape `TU/FiraSansLight(0)/m/n' will be
(Font)              scaled to size 4.24477pt on input line 55.
LaTeX Font Info:    Font shape `TU/FiraSansLight(0)/b/n' will be
(Font)              scaled to size 4.19655pt on input line 55.
<logos/tu.pdf, id=13, 340.27126pt x 55.20625pt>
File: logos/tu.pdf Graphic file (type pdf)
<use logos/tu.pdf>
Package luatex.def Info: logos/tu.pdf  used on input line 55.
(luatex.def)             Requested size: 140.30132pt x 22.76271pt.
LaTeX Font Info:    Font shape `TU/FiraSansLight(0)/m/n' will be
(Font)              scaled to size 8.48953pt on input line 55.
LaTeX Font Info:    Font shape `TU/FiraSansLight(1)/m/n' will be
(Font)              scaled to size 7.64058pt on input line 55.
LaTeX Font Info:    Font shape `TU/FiraSansLight(1)/m/n' will be
(Font)              scaled to size 5.5012pt on input line 55.
LaTeX Font Info:    Font shape `TU/FiraSansLight(1)/m/n' will be
(Font)              scaled to size 4.43153pt on input line 55.
LaTeX Font Info:    Font shape `TU/FiraMono(1)/m/n' will be
(Font)              scaled to size 7.58249pt on input line 55.
LaTeX Font Info:    Font shape `TU/FiraMono(1)/m/n' will be
(Font)              scaled to size 5.45938pt on input line 55.
LaTeX Font Info:    Font shape `TU/FiraMono(1)/m/n' will be
(Font)              scaled to size 4.39784pt on input line 55.
LaTeX Font Info:    Font shape `TU/FiraSansLight(0)/m/n' will be
(Font)              scaled to size 12.22491pt on input line 57.
LaTeX Font Info:    Font shape `TU/FiraSansLight(0)/b/n' will be
(Font)              scaled to size 12.08604pt on input line 57.
LaTeX Font Info:    Font shape `TU/FiraSansLight(0)/b/n' will be
(Font)              scaled to size 7.55379pt on input line 57.
LaTeX Font Info:    Font shape `TU/FiraSansLight(0)/m/n' will be
(Font)              scaled to size 9.29602pt on input line 57.
LaTeX Font Info:    Font shape `TU/FiraSansLight(0)/b/n' will be
(Font)              scaled to size 8.3931pt on input line 57.
LaTeX Font Info:    Font shape `TU/FiraSansLight(0)/m/n' will be
(Font)              scaled to size 3.39581pt on input line 57.
File: logos/tu.pdf Graphic file (type pdf)
<use logos/tu.pdf>
Package luatex.def Info: logos/tu.pdf  used on input line 57.
(luatex.def)             Requested size: 140.30132pt x 22.76271pt.
 [1

{/home/max/.local/texlive/2020/texmf-var/fonts/map/pdftex/updmap/pdftex.map}<./l
ogos/tu.pdf>] (./build/slides.toc
LaTeX Info: Redefining \rmfamily on input line 2.
LaTeX Info: Redefining \sffamily on input line 2.
LaTeX Info: Redefining \ttfamily on input line 2.
luaotfload | aux : font no 36 (nil) defines no feature for script latn with lang
uage eng)
File: logos/tu.pdf Graphic file (type pdf)
<use logos/tu.pdf>
Package luatex.def Info: logos/tu.pdf  used on input line 61.
(luatex.def)             Requested size: 140.30132pt x 22.76271pt.
 [2

]
<images/spectrum.png, id=52, 1354.05875pt x 600.2425pt>
File: images/spectrum.png Graphic file (type png)
<use images/spectrum.png>
Package luatex.def Info: images/spectrum.png  used on input line 75.
(luatex.def)             Requested size: 297.66956pt x 131.953pt.
LaTeX Font Info:    Font shape `TU/FiraSansLight(0)/m/n' will be
(Font)              scaled to size 6.79163pt on input line 75.
LaTeX Font Info:    Font shape `TU/FiraSansLight(0)/b/n' will be
(Font)              scaled to size 6.71448pt on input line 75.
File: logos/tu.pdf Graphic file (type pdf)
<use logos/tu.pdf>
Package luatex.def Info: logos/tu.pdf  used on input line 75.
(luatex.def)             Requested size: 140.30132pt x 22.76271pt.
 [3

<./images/spectrum.png>]
File: logos/tu.pdf Graphic file (type pdf)
<use logos/tu.pdf>
Package luatex.def Info: logos/tu.pdf  used on input line 95.
(luatex.def)             Requested size: 140.30132pt x 22.76271pt.
 [4

]
<images/Aufbau.pdf, id=69, 774.54683pt x 334.17372pt>
File: images/Aufbau.pdf Graphic file (type pdf)
<use images/Aufbau.pdf>
Package luatex.def Info: images/Aufbau.pdf  used on input line 117.
(luatex.def)             Requested size: 208.36777pt x 89.89667pt.
<images/2_11_30_20normalX.pdf, id=70, 1156.32pt x 578.16pt>
File: images/2_11_30_20normalX.pdf Graphic file (type pdf)
<use images/2_11_30_20normalX.pdf>
Package luatex.def Info: images/2_11_30_20normalX.pdf  used on input line 117.
(luatex.def)             Requested size: 208.36777pt x 104.17899pt.

Overfull \vbox (11.13818pt too high) detected at line 117
 []

File: logos/tu.pdf Graphic file (type pdf)
<use logos/tu.pdf>
Package luatex.def Info: logos/tu.pdf  used on input line 117.
(luatex.def)             Requested size: 140.30132pt x 22.76271pt.
[5

<./images/Aufbau.pdf><./images/2_11_30_20normalX.pdf>]
<pics/emitter.png, id=118, 1107.38719pt x 634.62094pt>
File: pics/emitter.png Graphic file (type png)
<use pics/emitter.png>
Package luatex.def Info: pics/emitter.png  used on input line 134.
(luatex.def)             Requested size: 255.14903pt x 146.22119pt.
File: logos/tu.pdf Graphic file (type pdf)
<use logos/tu.pdf>
Package luatex.def Info: logos/tu.pdf  used on input line 134.
(luatex.def)             Requested size: 140.30132pt x 22.76271pt.
 [6

<./pics/emitter.png>]
<pics/quenching.png, id=127, 496.10344pt x 205.5178pt>
File: pics/quenching.png Graphic file (type png)
<use pics/quenching.png>
Package luatex.def Info: pics/quenching.png  used on input line 143.
(luatex.def)             Requested size: 255.14903pt x 105.70016pt.
LaTeX Font Info:    Font shape `TU/FiraSansLight(0)/m/n' will be
(Font)              scaled to size 5.5012pt on input line 143.
LaTeX Font Info:    Font shape `TU/FiraSansLight(0)/m/n' will be
(Font)              scaled to size 4.43153pt on input line 143.
File: logos/tu.pdf Graphic file (type pdf)
<use logos/tu.pdf>
Package luatex.def Info: logos/tu.pdf  used on input line 143.
(luatex.def)             Requested size: 140.30132pt x 22.76271pt.
 [7

<./pics/quenching.png>]
<pics/FMNM.png, id=136, 1517.67pt x 501.875pt>
File: pics/FMNM.png Graphic file (type png)
<use pics/FMNM.png>
Package luatex.def Info: pics/FMNM.png  used on input line 155.
(luatex.def)             Requested size: 255.14903pt x 84.36803pt.
<pics/FM-vsdouble.png, id=137, 459.96844pt x 331.2375pt>
File: pics/FM-vsdouble.png Graphic file (type png)
<use pics/FM-vsdouble.png>
Package luatex.def Info: pics/FM-vsdouble.png  used on input line 155.
(luatex.def)             Requested size: 170.09503pt x 122.49023pt.
File: logos/tu.pdf Graphic file (type pdf)
<use logos/tu.pdf>
Package luatex.def Info: logos/tu.pdf  used on input line 155.
(luatex.def)             Requested size: 140.30132pt x 22.76271pt.
 [8

<./pics/FMNM.png><./pics/FM-vsdouble.png>]
<pics/Spin_Hall.png, id=147, 1014.79124pt x 610.28pt>
File: pics/Spin_Hall.png Graphic file (type png)
<use pics/Spin_Hall.png>
Package luatex.def Info: pics/Spin_Hall.png  used on input line 173.
(luatex.def)             Requested size: 212.62204pt x 127.8646pt.
<pics/inv_spin_hall.png, id=148, 1214.5375pt x 731.73375pt>
File: pics/inv_spin_hall.png Graphic file (type png)
<use pics/inv_spin_hall.png>
Package luatex.def Info: pics/inv_spin_hall.png  used on input line 173.
(luatex.def)             Requested size: 212.62204pt x 128.09998pt.
File: logos/tu.pdf Graphic file (type pdf)
<use logos/tu.pdf>
Package luatex.def Info: logos/tu.pdf  used on input line 173.
(luatex.def)             Requested size: 140.30132pt x 22.76271pt.

[9

<./pics/Spin_Hall.png><./pics/inv_spin_hall.png>]
LaTeX Font Info:    Font shape `TU/FiraSansLight(0)/m/n' will be
(Font)              scaled to size 2.7506pt on input line 202.
File: pics/emitter.png Graphic file (type png)
<use pics/emitter.png>
Package luatex.def Info: pics/emitter.png  used on input line 202.
(luatex.def)             Requested size: 208.36777pt x 119.40752pt.
File: logos/tu.pdf Graphic file (type pdf)
<use logos/tu.pdf>
Package luatex.def Info: logos/tu.pdf  used on input line 202.
(luatex.def)             Requested size: 140.30132pt x 22.76271pt.
 [10

]
<pics/setup.png, id=167, 895.09406pt x 457.71pt>
File: pics/setup.png Graphic file (type png)
<use pics/setup.png>
Package luatex.def Info: pics/setup.png  used on input line 223.
(luatex.def)             Requested size: 255.14903pt x 130.46965pt.
File: logos/tu.pdf Graphic file (type pdf)
<use logos/tu.pdf>
Package luatex.def Info: logos/tu.pdf  used on input line 223.
(luatex.def)             Requested size: 140.30132pt x 22.76271pt.
 [11

<./pics/setup.png>]
<pics/trilayer.png, id=177, 773.89125pt x 520.94624pt>
File: pics/trilayer.png Graphic file (type png)
<use pics/trilayer.png>
Package luatex.def Info: pics/trilayer.png  used on input line 243.
(luatex.def)             Requested size: 127.57451pt x 85.87292pt.
<pics/aplitude.png, id=178, 971.63pt x 713.66624pt>
File: pics/aplitude.png Graphic file (type png)
<use pics/aplitude.png>
Package luatex.def Info: pics/aplitude.png  used on input line 243.
(luatex.def)             Requested size: 148.83478pt x 109.31036pt.
<pics/vergleich.png, id=179, 655.44875pt x 855.195pt>
File: pics/vergleich.png Graphic file (type png)
<use pics/vergleich.png>
Package luatex.def Info: pics/vergleich.png  used on input line 243.
(luatex.def)             Requested size: 127.57451pt x 166.44264pt.
File: logos/tu.pdf Graphic file (type pdf)
<use logos/tu.pdf>
Package luatex.def Info: logos/tu.pdf  used on input line 243.
(luatex.def)             Requested size: 140.30132pt x 22.76271pt.
[12

<./pics/trilayer.png><./pics/aplitude.png><./pics/vergleich.png>]
<pics/Bfeld.png, id=191, 1066.7353pt x 851.43094pt>
File: pics/Bfeld.png Graphic file (type png)
<use pics/Bfeld.png>
Package luatex.def Info: pics/Bfeld.png  used on input line 264.
(luatex.def)             Requested size: 238.13655pt x 190.06964pt.
File: logos/tu.pdf Graphic file (type pdf)
<use logos/tu.pdf>
Package luatex.def Info: logos/tu.pdf  used on input line 264.
(luatex.def)             Requested size: 140.30132pt x 22.76271pt.
 [13

<./pics/Bfeld.png>]
<pics/broadband_comnpar.png, id=201, 819.8128pt x 562.35094pt>
File: pics/broadband_comnpar.png Graphic file (type png)
<use pics/broadband_comnpar.png>
Package luatex.def Info: pics/broadband_comnpar.png  used on input line 283.
(luatex.def)             Requested size: 148.83478pt x 102.09404pt.
<pics/broadband.png, id=202, 1058.95625pt x 439.6425pt>
File: pics/broadband.png Graphic file (type png)
<use pics/broadband.png>
Package luatex.def Info: pics/broadband.png  used on input line 283.
(luatex.def)             Requested size: 208.36777pt x 86.50476pt.
File: logos/tu.pdf Graphic file (type pdf)
<use logos/tu.pdf>
Package luatex.def Info: logos/tu.pdf  used on input line 283.
(luatex.def)             Requested size: 140.30132pt x 22.76271pt.
 [14

<./pics/broadband_comnpar.png><./pics/broadband.png>]
File: logos/tu.pdf Graphic file (type pdf)
<use logos/tu.pdf>
Package luatex.def Info: logos/tu.pdf  used on input line 311.
(luatex.def)             Requested size: 140.30132pt x 22.76271pt.
 [15

]
File: logos/tu.pdf Graphic file (type pdf)
<use logos/tu.pdf>
Package luatex.def Info: logos/tu.pdf  used on input line 318.
(luatex.def)             Requested size: 140.30132pt x 22.76271pt.

[16

]

LaTeX Font Warning: Font shape `TU/FiraSansLight(0)/m/it' undefined
(Font)              using `TU/FiraSansLight(0)/m/n' instead on input line 321.

LaTeX Font Info:    Font shape `TU/FiraSansLight(0)/m/it' will be
(Font)              scaled to size 7.64058pt on input line 321.
LaTeX Font Info:    Font shape `TU/FiraSansLight(0)/m/sc' will be
(Font)              scaled to size 7.64058pt on input line 321.
LaTeX Font Info:    Font shape `TU/FiraMono(0)/m/n' will be
(Font)              scaled to size 7.58249pt on input line 321.
File: logos/tu.pdf Graphic file (type pdf)
<use logos/tu.pdf>
Package luatex.def Info: logos/tu.pdf  used on input line 323.
(luatex.def)             Requested size: 140.30132pt x 22.76271pt.
[17

</home/max/.local/texlive/2020/texmf-dist/tex/latex/beamer/beamericonarticle.pdf
>]
\tf@nav=\write6

\openout6 = slides.nav
\tf@toc=\write7

\openout7 = slides.toc
\tf@snm=\write8

\openout8 = slides.snm
The property list \polyglossia@langsetup contains the pairs (without outer
braces):
>  {latex/script}  =>  {latin}
>  {latex/lcscript}  =>  {latin}
>  {latex/scripttag}  =>  {}
>  {latex/language}  =>  {Latex}
>  {latex/langtag}  =>  {ENG}
>  {latex/bcp47}  =>  {}
>  {latex/hyphennames}  =>  {english}
>  {latex/direction}  =>  {LR}
>  {latex/hyphenmins}  =>  {2,3}
>  {latex/frenchspacing}  =>  {false}
>  {latex/indentfirst}  =>  {false}
>  {latex/fontsetup}  =>  {true}
>  {latex/envname}  =>  {latex}
>  {latex/babelname}  =>  {latex}
>  {latex/localnumeral}  =>  {polyglossia@C@localnumeral}
>  {latex/Localnumeral}  =>  {polyglossia@C@localnumeral}
>  {english/script}  =>  {latin}
>  {english/lcscript}  =>  {latin}
>  {english/scripttag}  =>  {}
>  {english/language}  =>  {English}
>  {english/langtag}  =>  {ENG}
>  {english/bcp47}  =>  {en-US}
>  {english/hyphennames}  =>  {english,american,usenglish,USenglish}
>  {english/direction}  =>  {LR}
>  {english/hyphenmins}  =>  {2,3}
>  {english/frenchspacing}  =>  {false}
>  {english/indentfirst}  =>  {false}
>  {english/fontsetup}  =>  {true}
>  {english/envname}  =>  {english}
>  {english/babelname}  =>  {american}
>  {english/localnumeral}  =>  {polyglossia@C@localnumeral}
>  {english/Localnumeral}  =>  {polyglossia@C@localnumeral}.
Package atveryend Info: Empty hook `BeforeClearDocument' on input line 323.
Package atveryend Info: Empty hook `AfterLastShipout' on input line 323.
 (./build/slides.aux
LaTeX Info: Redefining \rmfamily on input line 24.
LaTeX Info: Redefining \sffamily on input line 24.
LaTeX Info: Redefining \ttfamily on input line 24.
luaotfload | aux : font no 36 (nil) defines no feature for script latn with lang
uage eng)
Package atveryend Info: Executing hook `AtVeryEndDocument' on input line 323.
Package atveryend Info: Empty hook `AtEndAfterFileList' on input line 323.


LaTeX Font Warning: Some font shapes were not available, defaults substituted.

Package logreq Info: Writing requests to 'slides.run.xml'.

\openout1 = slides.run.xml
)

Here is how much of LuaTeX's memory you used:
 40406 strings out of 480878
 125171,1648299 words of node,token memory allocated
 1860 words of node memory still in use:
   32 hlist, 8 vlist, 5 rule, 2 disc, 5 local_par, 46 glue, 11 kern, 16 penalty,
 31 glyph, 51 attribute, 85 glue_spec, 51 attribute_list, 3 write, 12 pdf_colors
tack, 1 pdf_setmatrix, 1 pdf_save, 1 pdf_restore nodes
   avail lists: 1:4,2:868,3:174,4:203,5:327,6:56,7:1795,8:46,9:204,10:22,11:117
 56457 multiletter control sequences out of 65536+600000
 136 fonts using 36043499 bytes
 61i,18n,139p,1306b,1939s stack positions out of 5000i,500n,10000p,200000b,100000s
</home/max/.local/texlive/2020/texmf-dist/fonts/opentype/public/fira/FiraMono-Re
gular.otf></home/max/.local/texlive/2020/texmf-dist/fonts/opentype/public/fira/F
iraSans-Light.otf></home/max/.local/texlive/2020/texmf-dist/fonts/opentype/publi
c/firamath/FiraMath-Regular.otf></home/max/.local/texlive/2020/texmf-dist/fonts/
opentype/public/firamath/FiraMath-Regular.otf></home/max/.local/texlive/2020/tex
mf-dist/fonts/opentype/public/fira/FiraSans-Light.otf></home/max/.local/texlive/
2020/texmf-dist/fonts/opentype/public/fira/FiraSans-Medium.otf>
Output written on slides.pdf (17 pages, 3211931 bytes).

PDF statistics: 338 PDF objects out of 1000 (max. 8388607)
 231 compressed objects within 3 object streams
 56 named destinations out of 1000 (max. 131072)
 120 words of extra memory for PDF output out of 10000 (max. 100000000)

